OMC connect 127.0.0.1:23456.
2022/06/02 21:37:25 Received quit()
OMC connect 127.0.0.1:23456.
2022/06/02 21:47:16 Received quit()
2022/06/02 21:47:17 Received quit()
OMC connect 127.0.0.1:23456.
2022/06/02 21:52:33 Received quit()
OMC connect 127.0.0.1:23456.
2022/06/02 21:54:11 Received quit()
2022/06/02 21:54:12 Received quit()
OMC connect 127.0.0.1:23456.
OMC connect 127.0.0.1:23456.
2022/06/02 21:56:19 Received quit()
2022/06/02 21:56:20 Received quit()
OMC connect 127.0.0.1:23456.
OMC connect 127.0.0.1:23456.
OMC connect 127.0.0.1:23456.
2022/06/02 21:58:28 Received clearProgram()
2022/06/02 21:58:28 Received clearProgram()
2022/06/02 21:58:28 Received clearProgram()
2022/06/02 21:58:28 Received clearProgram()
2022/06/02 21:58:29 Received loadModel(Modelica, {"3.2.3"},true,"",false)
2022/06/02 21:58:31 Received loadModel(Modelica, {"3.2.3"},true,"",false)
2022/06/02 21:58:31 Received loadModel(Modelica, {"3.2.3"},true,"",false)
2022/06/02 21:58:32 Received loadModel(Modelica, {"3.2.3"},true,"",false)
2022/06/02 21:58:33 Received loadModel(Complex, {"3.2.3"},true,"",false)
2022/06/02 21:58:33 Received loadModel(Complex, {"3.2.3"},true,"",false)
2022/06/02 21:58:33 Received loadModel(Complex, {"3.2.3"},true,"",false)
2022/06/02 21:58:33 Received loadModel(Complex, {"3.2.3"},true,"",false)
2022/06/02 21:58:33 Received loadModel(ModelicaServices, {"3.2.3"},true,"",false)
2022/06/02 21:58:33 Received loadModel(ModelicaServices, {"3.2.3"},true,"",false)
2022/06/02 21:58:33 Received loadModel(ModelicaServices, {"3.2.3"},true,"",false)
2022/06/02 21:58:33 Received loadModel(ModelicaServices, {"3.2.3"},true,"",false)
2022/06/02 21:58:34 Received loadModel(ModelicaReference, {"3.2.3"},true,"",false)
2022/06/02 21:58:34 Received loadModel(ModelicaReference, {"3.2.3"},true,"",false)
2022/06/02 21:58:34 Received loadModel(ModelicaReference, {"3.2.3"},true,"",false)
2022/06/02 21:58:34 Received loadModel(ModelicaReference, {"3.2.3"},true,"",false)
2022/06/02 21:58:35 Received loadModel(Buildings, {"8.0.0"},true,"",false)
2022/06/02 21:58:37 Received loadModel(Buildings, {"8.0.0"},true,"",false)
2022/06/02 21:58:39 Received loadModel(Buildings, {"8.0.0"},true,"",false)
2022/06/02 21:58:40 Received loadModel(Buildings, {"8.0.0"},true,"",false)
2022/06/02 21:58:41 Received loadModel(SolarPower, {""},true,"",false)
2022/06/02 21:58:41 Received loadModel(SolarPower, {""},true,"",false)
2022/06/02 21:58:42 Received loadModel(SolarPower, {""},true,"",false)
2022/06/02 21:58:42 Received loadModel(SolarPower, {""},true,"",false)
2022/06/02 21:58:42 Received loadModel(WindPowerSystem, {""},true,"",false)
2022/06/02 21:58:43 Received loadModel(WindPowerSystem, {""},true,"",false)
2022/06/02 21:58:43 Received loadModel(WindPowerSystem, {""},true,"",false)
2022/06/02 21:58:43 Received loadModel(WindPowerSystem, {""},true,"",false)
2022/06/02 21:58:44 Received getClassNames(recursive=false, qualified=false, sort=false, builtin=false, showProtected=false)
2022/06/02 21:58:44 Received getClassNames(recursive=false, qualified=false, sort=false, builtin=false, showProtected=false)
2022/06/02 21:58:44 Received getClassNames(recursive=false, qualified=false, sort=false, builtin=false, showProtected=false)
2022/06/02 21:58:44 Received getClassNames(recursive=false, qualified=false, sort=false, builtin=false, showProtected=false)
2022/06/02 21:58:44 Received loadFile("public/UserFiles/UploadFile/wanghailong/20220601160145383088/test.mo", "UTF-8",true,true,false)
2022/06/02 21:58:44 Received loadFile("public/UserFiles/UploadFile/wanghailong/20220601160145383088/test.mo", "UTF-8",true,true,false)
2022/06/02 21:58:44 Received loadFile("public/UserFiles/UploadFile/wanghailong/20220601160145383088/test.mo", "UTF-8",true,true,false)
2022/06/02 21:58:44 Received loadFile("public/UserFiles/UploadFile/wanghailong/20220601160145383088/test.mo", "UTF-8",true,true,false)
2022/06/02 21:58:59 Received clearProgram()
2022/06/02 21:59:00 Received loadModel(Modelica, {"3.2.3"},true,"",false)
2022/06/02 21:59:00 Received loadModel(Complex, {"3.2.3"},true,"",false)
2022/06/02 21:59:00 Received loadModel(ModelicaServices, {"3.2.3"},true,"",false)
2022/06/02 21:59:00 Received loadModel(ModelicaReference, {"3.2.3"},true,"",false)
2022/06/02 21:59:01 Received loadModel(Buildings, {"8.0.0"},true,"",false)
2022/06/02 21:59:01 Received loadModel(SolarPower, {""},true,"",false)
2022/06/02 21:59:01 Received loadModel(WindPowerSystem, {""},true,"",false)
2022/06/02 21:59:02 Received getClassNames(recursive=false, qualified=false, sort=false, builtin=false, showProtected=false)
2022/06/02 21:59:02 Received loadFile("public/UserFiles/UploadFile/wanghailong/20220601160145383088/test.mo", "UTF-8",true,true,false)
2022/06/02 21:59:26 Received clearProgram()
2022/06/02 21:59:26 Received loadModel(Modelica, {"3.2.3"},true,"",false)
2022/06/02 21:59:27 Received loadModel(Complex, {"3.2.3"},true,"",false)
2022/06/02 21:59:27 Received loadModel(ModelicaServices, {"3.2.3"},true,"",false)
2022/06/02 21:59:27 Received loadModel(ModelicaReference, {"3.2.3"},true,"",false)
2022/06/02 21:59:28 Received loadModel(Buildings, {"8.0.0"},true,"",false)
2022/06/02 21:59:28 Received loadModel(SolarPower, {""},true,"",false)
2022/06/02 21:59:28 Received loadModel(WindPowerSystem, {""},true,"",false)
2022/06/02 21:59:29 Received getClassNames(Modelica, recursive=false, qualified=false, sort=false, builtin=false, showProtected=false)
2022/06/02 21:59:29 Received getIconAnnotation(Modelica)
2022/06/02 21:59:29 Received getClassNames(Buildings, recursive=false, qualified=false, sort=false, builtin=false, showProtected=false)
2022/06/02 21:59:29 Received getIconAnnotation(Buildings)
2022/06/02 21:59:29 Received getClassNames(SolarPower, recursive=false, qualified=false, sort=false, builtin=false, showProtected=false)
2022/06/02 21:59:29 Received getIconAnnotation(SolarPower)
2022/06/02 21:59:29 Received getClassNames(WindPowerSystem, recursive=false, qualified=false, sort=false, builtin=false, showProtected=false)
2022/06/02 21:59:29 Received getIconAnnotation(WindPowerSystem)
2022/06/02 21:59:29 Received getClassNames(Modelica, recursive=false, qualified=false, sort=false, builtin=false, showProtected=false)
2022/06/02 21:59:29 Received getIconAnnotation(Modelica)
2022/06/02 21:59:29 Received getClassNames(Buildings, recursive=false, qualified=false, sort=false, builtin=false, showProtected=false)
2022/06/02 21:59:29 Received getIconAnnotation(Buildings)
2022/06/02 21:59:29 Received getClassNames(SolarPower, recursive=false, qualified=false, sort=false, builtin=false, showProtected=false)
2022/06/02 21:59:29 Received getIconAnnotation(SolarPower)
2022/06/02 21:59:29 Received getClassNames(WindPowerSystem, recursive=false, qualified=false, sort=false, builtin=false, showProtected=false)
2022/06/02 21:59:29 Received getIconAnnotation(WindPowerSystem)
2022/06/02 21:59:31 Received getClassNames(Modelica, recursive=false, qualified=false, sort=false, builtin=false, showProtected=false)
2022/06/02 21:59:31 Received getClassNames(Modelica.UsersGuide, recursive=false, qualified=false, sort=false, builtin=false, showProtected=false)
2022/06/02 21:59:31 Received getClassNames(Modelica.Blocks, recursive=false, qualified=false, sort=false, builtin=false, showProtected=false)
2022/06/02 21:59:31 Received getClassNames(Modelica.ComplexBlocks, recursive=false, qualified=false, sort=false, builtin=false, showProtected=false)
2022/06/02 21:59:31 Received getClassNames(Modelica.StateGraph, recursive=false, qualified=false, sort=false, builtin=false, showProtected=false)
2022/06/02 21:59:31 Received getClassNames(Modelica.Electrical, recursive=false, qualified=false, sort=false, builtin=false, showProtected=false)
2022/06/02 21:59:31 Received getClassNames(Modelica.Magnetic, recursive=false, qualified=false, sort=false, builtin=false, showProtected=false)
2022/06/02 21:59:31 Received getClassNames(Modelica.Mechanics, recursive=false, qualified=false, sort=false, builtin=false, showProtected=false)
2022/06/02 21:59:31 Received getClassNames(Modelica.Fluid, recursive=false, qualified=false, sort=false, builtin=false, showProtected=false)
2022/06/02 21:59:31 Received getClassNames(Modelica.Media, recursive=false, qualified=false, sort=false, builtin=false, showProtected=false)
2022/06/02 21:59:31 Received getClassNames(Modelica.Thermal, recursive=false, qualified=false, sort=false, builtin=false, showProtected=false)
2022/06/02 21:59:31 Received getClassNames(Modelica.Math, recursive=false, qualified=false, sort=false, builtin=false, showProtected=false)
2022/06/02 21:59:31 Received getClassNames(Modelica.ComplexMath, recursive=false, qualified=false, sort=false, builtin=false, showProtected=false)
2022/06/02 21:59:31 Received getClassNames(Modelica.Utilities, recursive=false, qualified=false, sort=false, builtin=false, showProtected=false)
2022/06/02 21:59:31 Received getClassNames(Modelica.Constants, recursive=false, qualified=false, sort=false, builtin=false, showProtected=false)
2022/06/02 21:59:31 Received getClassNames(Modelica.Icons, recursive=false, qualified=false, sort=false, builtin=false, showProtected=false)
2022/06/02 21:59:31 Received getClassNames(Modelica.SIunits, recursive=false, qualified=false, sort=false, builtin=false, showProtected=false)
2022/06/02 21:59:31 Received getIconAnnotation(UsersGuide)
2022/06/02 21:59:31 Received getIconAnnotation(Blocks)
2022/06/02 21:59:31 Received getIconAnnotation(ComplexBlocks)
2022/06/02 21:59:31 Received getIconAnnotation(StateGraph)
2022/06/02 21:59:31 Received getIconAnnotation(Electrical)
2022/06/02 21:59:31 Received getIconAnnotation(Magnetic)
2022/06/02 21:59:31 Received getIconAnnotation(Mechanics)
2022/06/02 21:59:31 Received getIconAnnotation(Fluid)
2022/06/02 21:59:31 Received getIconAnnotation(Media)
2022/06/02 21:59:31 Received getIconAnnotation(Thermal)
2022/06/02 21:59:31 Received getIconAnnotation(Math)
2022/06/02 21:59:31 Received getIconAnnotation(ComplexMath)
2022/06/02 21:59:31 Received getIconAnnotation(Utilities)
2022/06/02 21:59:31 Received getIconAnnotation(Constants)
2022/06/02 21:59:31 Received getIconAnnotation(Icons)
2022/06/02 21:59:31 Received getIconAnnotation(SIunits)
2022/06/02 21:59:32 Received getClassNames(Modelica.Blocks, recursive=false, qualified=false, sort=false, builtin=false, showProtected=false)
2022/06/02 21:59:32 Received getClassNames(Modelica.Blocks.Examples, recursive=false, qualified=false, sort=false, builtin=false, showProtected=false)
2022/06/02 21:59:32 Received getClassNames(Modelica.Blocks.Continuous, recursive=false, qualified=false, sort=false, builtin=false, showProtected=false)
2022/06/02 21:59:32 Received getClassNames(Modelica.Blocks.Discrete, recursive=false, qualified=false, sort=false, builtin=false, showProtected=false)
2022/06/02 21:59:32 Received getClassNames(Modelica.Blocks.Interaction, recursive=false, qualified=false, sort=false, builtin=false, showProtected=false)
2022/06/02 21:59:32 Received getClassNames(Modelica.Blocks.Interfaces, recursive=false, qualified=false, sort=false, builtin=false, showProtected=false)
2022/06/02 21:59:32 Received getClassNames(Modelica.Blocks.Logical, recursive=false, qualified=false, sort=false, builtin=false, showProtected=false)
2022/06/02 21:59:32 Received getClassNames(Modelica.Blocks.Math, recursive=false, qualified=false, sort=false, builtin=false, showProtected=false)
2022/06/02 21:59:32 Received getClassNames(Modelica.Blocks.MathInteger, recursive=false, qualified=false, sort=false, builtin=false, showProtected=false)
2022/06/02 21:59:32 Received getClassNames(Modelica.Blocks.MathBoolean, recursive=false, qualified=false, sort=false, builtin=false, showProtected=false)
2022/06/02 21:59:32 Received getClassNames(Modelica.Blocks.Nonlinear, recursive=false, qualified=false, sort=false, builtin=false, showProtected=false)
2022/06/02 21:59:32 Received getClassNames(Modelica.Blocks.Routing, recursive=false, qualified=false, sort=false, builtin=false, showProtected=false)
2022/06/02 21:59:32 Received getClassNames(Modelica.Blocks.Noise, recursive=false, qualified=false, sort=false, builtin=false, showProtected=false)
2022/06/02 21:59:32 Received getClassNames(Modelica.Blocks.Sources, recursive=false, qualified=false, sort=false, builtin=false, showProtected=false)
2022/06/02 21:59:32 Received getClassNames(Modelica.Blocks.Tables, recursive=false, qualified=false, sort=false, builtin=false, showProtected=false)
2022/06/02 21:59:32 Received getClassNames(Modelica.Blocks.Types, recursive=false, qualified=false, sort=false, builtin=false, showProtected=false)
2022/06/02 21:59:32 Received getClassNames(Modelica.Blocks.Icons, recursive=false, qualified=false, sort=false, builtin=false, showProtected=false)
2022/06/02 21:59:32 Received getIconAnnotation(Examples)
2022/06/02 21:59:32 Received getIconAnnotation(Continuous)
2022/06/02 21:59:32 Received getIconAnnotation(Discrete)
2022/06/02 21:59:32 Received getIconAnnotation(Interaction)
2022/06/02 21:59:32 Received getIconAnnotation(Interfaces)
2022/06/02 21:59:32 Received getIconAnnotation(Logical)
2022/06/02 21:59:32 Received getIconAnnotation(Math)
2022/06/02 21:59:32 Received getIconAnnotation(MathInteger)
2022/06/02 21:59:32 Received getIconAnnotation(MathBoolean)
2022/06/02 21:59:32 Received getIconAnnotation(Nonlinear)
2022/06/02 21:59:32 Received getIconAnnotation(Routing)
2022/06/02 21:59:32 Received getIconAnnotation(Noise)
2022/06/02 21:59:32 Received getIconAnnotation(Sources)
2022/06/02 21:59:32 Received getIconAnnotation(Tables)
2022/06/02 21:59:32 Received getIconAnnotation(Types)
2022/06/02 21:59:32 Received getIconAnnotation(Icons)
2022/06/02 21:59:33 Received getClassNames(Modelica.Blocks.Examples, recursive=false, qualified=false, sort=false, builtin=false, showProtected=false)
2022/06/02 21:59:33 Received getClassNames(Modelica.Blocks.Examples.PID_Controller, recursive=false, qualified=false, sort=false, builtin=false, showProtected=false)
2022/06/02 21:59:33 Received getClassNames(Modelica.Blocks.Examples.Filter, recursive=false, qualified=false, sort=false, builtin=false, showProtected=false)
2022/06/02 21:59:33 Received getClassNames(Modelica.Blocks.Examples.FilterWithDifferentiation, recursive=false, qualified=false, sort=false, builtin=false, showProtected=false)
2022/06/02 21:59:33 Received getClassNames(Modelica.Blocks.Examples.FilterWithRiseTime, recursive=false, qualified=false, sort=false, builtin=false, showProtected=false)
2022/06/02 21:59:33 Received getClassNames(Modelica.Blocks.Examples.SlewRateLimiter, recursive=false, qualified=false, sort=false, builtin=false, showProtected=false)
2022/06/02 21:59:33 Received getClassNames(Modelica.Blocks.Examples.InverseModel, recursive=false, qualified=false, sort=false, builtin=false, showProtected=false)
2022/06/02 21:59:33 Received getClassNames(Modelica.Blocks.Examples.ShowLogicalSources, recursive=false, qualified=false, sort=false, builtin=false, showProtected=false)
2022/06/02 21:59:33 Received getClassNames(Modelica.Blocks.Examples.LogicalNetwork1, recursive=false, qualified=false, sort=false, builtin=false, showProtected=false)
2022/06/02 21:59:33 Received getClassNames(Modelica.Blocks.Examples.RealNetwork1, recursive=false, qualified=false, sort=false, builtin=false, showProtected=false)
2022/06/02 21:59:33 Received getClassNames(Modelica.Blocks.Examples.IntegerNetwork1, recursive=false, qualified=false, sort=false, builtin=false, showProtected=false)
2022/06/02 21:59:33 Received getClassNames(Modelica.Blocks.Examples.BooleanNetwork1, recursive=false, qualified=false, sort=false, builtin=false, showProtected=false)
2022/06/02 21:59:33 Received getClassNames(Modelica.Blocks.Examples.Interaction1, recursive=false, qualified=false, sort=false, builtin=false, showProtected=false)
2022/06/02 21:59:33 Received getClassNames(Modelica.Blocks.Examples.BusUsage, recursive=false, qualified=false, sort=false, builtin=false, showProtected=false)
2022/06/02 21:59:33 Received getClassNames(Modelica.Blocks.Examples.Rectifier6pulseFFT, recursive=false, qualified=false, sort=false, builtin=false, showProtected=false)
2022/06/02 21:59:33 Received getClassNames(Modelica.Blocks.Examples.Rectifier12pulseFFT, recursive=false, qualified=false, sort=false, builtin=false, showProtected=false)
2022/06/02 21:59:33 Received getClassNames(Modelica.Blocks.Examples.TotalHarmonicDistortion, recursive=false, qualified=false, sort=false, builtin=false, showProtected=false)
2022/06/02 21:59:33 Received getClassNames(Modelica.Blocks.Examples.NoiseExamples, recursive=false, qualified=false, sort=false, builtin=false, showProtected=false)
2022/06/02 21:59:33 Received getClassNames(Modelica.Blocks.Examples.BusUsage_Utilities, recursive=false, qualified=false, sort=false, builtin=false, showProtected=false)
2022/06/02 21:59:33 Received getIconAnnotation(PID_Controller)
2022/06/02 21:59:33 Received getIconAnnotation(Filter)
2022/06/02 21:59:33 Received getIconAnnotation(FilterWithDifferentiation)
2022/06/02 21:59:33 Received getIconAnnotation(FilterWithRiseTime)
2022/06/02 21:59:33 Received getIconAnnotation(SlewRateLimiter)
2022/06/02 21:59:33 Received getIconAnnotation(InverseModel)
2022/06/02 21:59:33 Received getIconAnnotation(ShowLogicalSources)
2022/06/02 21:59:33 Received getIconAnnotation(LogicalNetwork1)
2022/06/02 21:59:33 Received getIconAnnotation(RealNetwork1)
2022/06/02 21:59:33 Received getIconAnnotation(IntegerNetwork1)
2022/06/02 21:59:33 Received getIconAnnotation(BooleanNetwork1)
2022/06/02 21:59:33 Received getIconAnnotation(Interaction1)
2022/06/02 21:59:33 Received getIconAnnotation(BusUsage)
2022/06/02 21:59:33 Received getIconAnnotation(Rectifier6pulseFFT)
2022/06/02 21:59:33 Received getIconAnnotation(Rectifier12pulseFFT)
2022/06/02 21:59:33 Received getIconAnnotation(TotalHarmonicDistortion)
2022/06/02 21:59:33 Received getIconAnnotation(NoiseExamples)
2022/06/02 21:59:33 Received getIconAnnotation(BusUsage_Utilities)
2022/06/02 21:59:34 Received getInheritedClasses(Modelica.Blocks.Examples.Filter)
2022/06/02 21:59:34 Received getInheritedClasses(Modelica.Icons.Example)
2022/06/02 21:59:34 Received getDiagramAnnotation(Modelica.Blocks.Examples.Filter)
2022/06/02 21:59:34 Received getDiagramAnnotation(Modelica.Icons.Example)
2022/06/02 21:59:34 Received getComponents(Modelica.Blocks.Examples.Filter, useQuotes = true)
2022/06/02 21:59:34 Received getComponents(Modelica.Icons.Example, useQuotes = true)
2022/06/02 21:59:34 Received getComponentAnnotations(Modelica.Blocks.Examples.Filter, useQuotes = true)
2022/06/02 21:59:34 Received getComponentAnnotations(Modelica.Icons.Example, useQuotes = true)
2022/06/02 21:59:34 Received getConnectionCount(Modelica.Blocks.Examples.Filter)
2022/06/02 21:59:34 Received getConnectionCount(Modelica.Icons.Example)
2022/06/02 21:59:34 Received getNthConnection(Modelica.Blocks.Examples.Filter,1)
2022/06/02 21:59:34 Received getNthConnectionAnnotation(Modelica.Blocks.Examples.Filter,1)
2022/06/02 21:59:34 Received getComponents(Modelica.Blocks.Examples.Filter)
2022/06/02 21:59:34 Received getNthConnection(Modelica.Blocks.Examples.Filter,2)
2022/06/02 21:59:34 Received getNthConnectionAnnotation(Modelica.Blocks.Examples.Filter,2)
2022/06/02 21:59:34 Received getNthConnection(Modelica.Blocks.Examples.Filter,3)
2022/06/02 21:59:34 Received getNthConnectionAnnotation(Modelica.Blocks.Examples.Filter,3)
2022/06/02 21:59:34 Received getNthConnection(Modelica.Blocks.Examples.Filter,4)
2022/06/02 21:59:34 Received getDocumentationAnnotation(Modelica.Blocks.Examples.Filter)
2022/06/02 21:59:34 Received getNthConnectionAnnotation(Modelica.Blocks.Examples.Filter,4)
2022/06/02 21:59:34 Received getSimulationOptions(Modelica.Blocks.Examples.Filter)
2022/06/02 21:59:34 Received uriToFilename("modelica://Modelica/Resources/Images/Blocks/Filter1.png")
2022/06/02 21:59:34 Received getInheritedClasses(Integer)
2022/06/02 21:59:34 Received getInheritedClasses(Modelica.SIunits.Frequency)
2022/06/02 21:59:34 Received getInheritedClasses(Real)
2022/06/02 21:59:34 Received getInheritedClasses(Modelica.Blocks.Types.FilterType)
2022/06/02 21:59:34 Received getInheritedClasses(Modelica.Blocks.Types.Init)
2022/06/02 21:59:34 Received getInheritedClasses(Boolean)
2022/06/02 21:59:34 Received getInheritedClasses(Modelica.Blocks.Sources.Step)
2022/06/02 21:59:34 Received getInheritedClasses(Modelica.Blocks.Interfaces.SignalSource)
2022/06/02 21:59:34 Received getInheritedClasses(Modelica.Blocks.Interfaces.SO)
2022/06/02 21:59:34 Received getInheritedClasses(Modelica.Blocks.Icons.Block)
2022/06/02 21:59:34 Received getComponents(Modelica.Blocks.Sources.Step, useQuotes = true)
2022/06/02 21:59:34 Received getComponents(Modelica.Blocks.Interfaces.SignalSource, useQuotes = true)
2022/06/02 21:59:34 Received getComponents(Modelica.Blocks.Interfaces.SO, useQuotes = true)
2022/06/02 21:59:34 Received getComponents(Modelica.Blocks.Icons.Block, useQuotes = true)
2022/06/02 21:59:34 Received getComponentAnnotations(Modelica.Blocks.Sources.Step, useQuotes = true)
2022/06/02 21:59:34 Received getComponentAnnotations(Modelica.Blocks.Interfaces.SignalSource, useQuotes = true)
2022/06/02 21:59:34 Received getComponentAnnotations(Modelica.Blocks.Interfaces.SO, useQuotes = true)
2022/06/02 21:59:34 Received getComponentAnnotations(Modelica.Blocks.Icons.Block, useQuotes = true)
2022/06/02 21:59:34 Received getIconAnnotation(Modelica.Blocks.Sources.Step)
2022/06/02 21:59:34 Received getIconAnnotation(Modelica.Blocks.Interfaces.SignalSource)
2022/06/02 21:59:34 Received getIconAnnotation(Modelica.Blocks.Interfaces.SO)
2022/06/02 21:59:34 Received getIconAnnotation(Modelica.Blocks.Icons.Block)
2022/06/02 21:59:34 Received getInheritedClasses(Modelica.Blocks.Interfaces.RealOutput)
2022/06/02 21:59:34 Received getInheritedClasses(Real)
2022/06/02 21:59:34 Received getComponents(Modelica.Blocks.Interfaces.RealOutput, useQuotes = true)
2022/06/02 21:59:34 Received getComponents(Real, useQuotes = true)
2022/06/02 21:59:34 Received getComponentAnnotations(Modelica.Blocks.Interfaces.RealOutput, useQuotes = true)
2022/06/02 21:59:34 Received getComponentAnnotations(Real, useQuotes = true)
2022/06/02 21:59:34 Received getIconAnnotation(Modelica.Blocks.Interfaces.RealOutput)
2022/06/02 21:59:34 Received getIconAnnotation(Real)
2022/06/02 21:59:34 Received getInheritedClasses(Modelica.Blocks.Continuous.Filter)
2022/06/02 21:59:34 Received getInheritedClasses(Modelica.Blocks.Interfaces.SISO)
2022/06/02 21:59:34 Received getInheritedClasses(Modelica.Blocks.Icons.Block)
2022/06/02 21:59:34 Received getComponents(Modelica.Blocks.Continuous.Filter, useQuotes = true)
2022/06/02 21:59:34 Received getComponents(Modelica.Blocks.Interfaces.SISO, useQuotes = true)
2022/06/02 21:59:34 Received getComponents(Modelica.Blocks.Icons.Block, useQuotes = true)
2022/06/02 21:59:35 Received getComponentAnnotations(Modelica.Blocks.Continuous.Filter, useQuotes = true)
2022/06/02 21:59:35 Received getComponentAnnotations(Modelica.Blocks.Interfaces.SISO, useQuotes = true)
2022/06/02 21:59:35 Received getComponentAnnotations(Modelica.Blocks.Icons.Block, useQuotes = true)
2022/06/02 21:59:35 Received getIconAnnotation(Modelica.Blocks.Continuous.Filter)
2022/06/02 21:59:35 Received getIconAnnotation(Modelica.Blocks.Interfaces.SISO)
2022/06/02 21:59:35 Received getIconAnnotation(Modelica.Blocks.Icons.Block)
2022/06/02 21:59:35 Received getInheritedClasses(Modelica.Blocks.Interfaces.RealOutput)
2022/06/02 21:59:35 Received getInheritedClasses(Real)
2022/06/02 21:59:35 Received getInheritedClasses(Modelica.Blocks.Interfaces.RealInput)
2022/06/02 21:59:35 Received getInheritedClasses(Real)
2022/06/02 21:59:35 Received getComponents(Modelica.Blocks.Interfaces.RealInput, useQuotes = true)
2022/06/02 21:59:35 Received getComponents(Real, useQuotes = true)
2022/06/02 21:59:35 Received getComponentAnnotations(Modelica.Blocks.Interfaces.RealInput, useQuotes = true)
2022/06/02 21:59:35 Received getComponentAnnotations(Real, useQuotes = true)
2022/06/02 21:59:35 Received getIconAnnotation(Modelica.Blocks.Interfaces.RealInput)
2022/06/02 21:59:35 Received getIconAnnotation(Real)
2022/06/02 21:59:35 Received getInheritedClasses(Modelica.Blocks.Interfaces.RealOutput)
2022/06/02 21:59:35 Received getInheritedClasses(Real)
2022/06/02 21:59:35 Received getComponents(Modelica.Blocks.Interfaces.RealOutput, useQuotes = true)
2022/06/02 21:59:35 Received getComponents(Real, useQuotes = true)
2022/06/02 21:59:35 Received getComponentAnnotations(Modelica.Blocks.Interfaces.RealOutput, useQuotes = true)
2022/06/02 21:59:35 Received getComponentAnnotations(Real, useQuotes = true)
2022/06/02 21:59:35 Received getIconAnnotation(Modelica.Blocks.Interfaces.RealOutput)
2022/06/02 21:59:35 Received getIconAnnotation(Real)
2022/06/02 21:59:35 Received getInheritedClasses(Modelica.Blocks.Continuous.Filter)
2022/06/02 21:59:35 Received getInheritedClasses(Modelica.Blocks.Interfaces.SISO)
2022/06/02 21:59:35 Received getInheritedClasses(Modelica.Blocks.Icons.Block)
2022/06/02 21:59:35 Received getComponents(Modelica.Blocks.Continuous.Filter, useQuotes = true)
2022/06/02 21:59:35 Received getComponents(Modelica.Blocks.Interfaces.SISO, useQuotes = true)
2022/06/02 21:59:35 Received getComponents(Modelica.Blocks.Icons.Block, useQuotes = true)
2022/06/02 21:59:36 Received getComponentAnnotations(Modelica.Blocks.Continuous.Filter, useQuotes = true)
2022/06/02 21:59:36 Received getComponentAnnotations(Modelica.Blocks.Interfaces.SISO, useQuotes = true)
2022/06/02 21:59:36 Received getComponentAnnotations(Modelica.Blocks.Icons.Block, useQuotes = true)
2022/06/02 21:59:36 Received getIconAnnotation(Modelica.Blocks.Continuous.Filter)
2022/06/02 21:59:36 Received getIconAnnotation(Modelica.Blocks.Interfaces.SISO)
2022/06/02 21:59:36 Received getIconAnnotation(Modelica.Blocks.Icons.Block)
2022/06/02 21:59:36 Received getInheritedClasses(Modelica.Blocks.Interfaces.RealOutput)
2022/06/02 21:59:36 Received getInheritedClasses(Real)
2022/06/02 21:59:36 Received getInheritedClasses(Modelica.Blocks.Interfaces.RealInput)
2022/06/02 21:59:36 Received getInheritedClasses(Real)
2022/06/02 21:59:36 Received getComponents(Modelica.Blocks.Interfaces.RealInput, useQuotes = true)
2022/06/02 21:59:36 Received getComponents(Real, useQuotes = true)
2022/06/02 21:59:36 Received getComponentAnnotations(Modelica.Blocks.Interfaces.RealInput, useQuotes = true)
2022/06/02 21:59:36 Received getComponentAnnotations(Real, useQuotes = true)
2022/06/02 21:59:36 Received getIconAnnotation(Modelica.Blocks.Interfaces.RealInput)
2022/06/02 21:59:36 Received getIconAnnotation(Real)
2022/06/02 21:59:36 Received getInheritedClasses(Modelica.Blocks.Interfaces.RealOutput)
2022/06/02 21:59:36 Received getInheritedClasses(Real)
2022/06/02 21:59:36 Received getComponents(Modelica.Blocks.Interfaces.RealOutput, useQuotes = true)
2022/06/02 21:59:36 Received getComponents(Real, useQuotes = true)
2022/06/02 21:59:36 Received getComponentAnnotations(Modelica.Blocks.Interfaces.RealOutput, useQuotes = true)
2022/06/02 21:59:36 Received getComponentAnnotations(Real, useQuotes = true)
2022/06/02 21:59:36 Received getIconAnnotation(Modelica.Blocks.Interfaces.RealOutput)
2022/06/02 21:59:36 Received getIconAnnotation(Real)
2022/06/02 21:59:36 Received getInheritedClasses(Modelica.Blocks.Continuous.Filter)
2022/06/02 21:59:36 Received getInheritedClasses(Modelica.Blocks.Interfaces.SISO)
2022/06/02 21:59:36 Received getInheritedClasses(Modelica.Blocks.Icons.Block)
2022/06/02 21:59:36 Received getComponents(Modelica.Blocks.Continuous.Filter, useQuotes = true)
2022/06/02 21:59:36 Received getComponents(Modelica.Blocks.Interfaces.SISO, useQuotes = true)
2022/06/02 21:59:36 Received getComponents(Modelica.Blocks.Icons.Block, useQuotes = true)
2022/06/02 21:59:37 Received getComponentAnnotations(Modelica.Blocks.Continuous.Filter, useQuotes = true)
2022/06/02 21:59:37 Received getComponentAnnotations(Modelica.Blocks.Interfaces.SISO, useQuotes = true)
2022/06/02 21:59:37 Received getComponentAnnotations(Modelica.Blocks.Icons.Block, useQuotes = true)
2022/06/02 21:59:37 Received getIconAnnotation(Modelica.Blocks.Continuous.Filter)
2022/06/02 21:59:37 Received getIconAnnotation(Modelica.Blocks.Interfaces.SISO)
2022/06/02 21:59:37 Received getIconAnnotation(Modelica.Blocks.Icons.Block)
2022/06/02 21:59:37 Received getInheritedClasses(Modelica.Blocks.Interfaces.RealOutput)
2022/06/02 21:59:37 Received getInheritedClasses(Real)
2022/06/02 21:59:37 Received getInheritedClasses(Modelica.Blocks.Interfaces.RealInput)
2022/06/02 21:59:37 Received getInheritedClasses(Real)
2022/06/02 21:59:37 Received getComponents(Modelica.Blocks.Interfaces.RealInput, useQuotes = true)
2022/06/02 21:59:37 Received getComponents(Real, useQuotes = true)
2022/06/02 21:59:37 Received getComponentAnnotations(Modelica.Blocks.Interfaces.RealInput, useQuotes = true)
2022/06/02 21:59:37 Received getComponentAnnotations(Real, useQuotes = true)
2022/06/02 21:59:37 Received getIconAnnotation(Modelica.Blocks.Interfaces.RealInput)
2022/06/02 21:59:37 Received getIconAnnotation(Real)
2022/06/02 21:59:37 Received getInheritedClasses(Modelica.Blocks.Interfaces.RealOutput)
2022/06/02 21:59:37 Received getInheritedClasses(Real)
2022/06/02 21:59:37 Received getComponents(Modelica.Blocks.Interfaces.RealOutput, useQuotes = true)
2022/06/02 21:59:37 Received getComponents(Real, useQuotes = true)
2022/06/02 21:59:37 Received getComponentAnnotations(Modelica.Blocks.Interfaces.RealOutput, useQuotes = true)
2022/06/02 21:59:37 Received getComponentAnnotations(Real, useQuotes = true)
2022/06/02 21:59:37 Received getIconAnnotation(Modelica.Blocks.Interfaces.RealOutput)
2022/06/02 21:59:37 Received getIconAnnotation(Real)
2022/06/02 21:59:37 Received getInheritedClasses(Modelica.Blocks.Continuous.Filter)
2022/06/02 21:59:37 Received getInheritedClasses(Modelica.Blocks.Interfaces.SISO)
2022/06/02 21:59:37 Received getInheritedClasses(Modelica.Blocks.Icons.Block)
2022/06/02 21:59:37 Received getComponents(Modelica.Blocks.Continuous.Filter, useQuotes = true)
2022/06/02 21:59:37 Received getComponents(Modelica.Blocks.Interfaces.SISO, useQuotes = true)
2022/06/02 21:59:37 Received getComponents(Modelica.Blocks.Icons.Block, useQuotes = true)
2022/06/02 21:59:38 Received getComponentAnnotations(Modelica.Blocks.Continuous.Filter, useQuotes = true)
2022/06/02 21:59:38 Received getComponentAnnotations(Modelica.Blocks.Interfaces.SISO, useQuotes = true)
2022/06/02 21:59:38 Received getComponentAnnotations(Modelica.Blocks.Icons.Block, useQuotes = true)
2022/06/02 21:59:38 Received getIconAnnotation(Modelica.Blocks.Continuous.Filter)
2022/06/02 21:59:38 Received getIconAnnotation(Modelica.Blocks.Interfaces.SISO)
2022/06/02 21:59:38 Received getIconAnnotation(Modelica.Blocks.Icons.Block)
2022/06/02 21:59:38 Received getInheritedClasses(Modelica.Blocks.Interfaces.RealOutput)
2022/06/02 21:59:38 Received getInheritedClasses(Real)
2022/06/02 21:59:38 Received getInheritedClasses(Modelica.Blocks.Interfaces.RealInput)
2022/06/02 21:59:38 Received getInheritedClasses(Real)
2022/06/02 21:59:38 Received getComponents(Modelica.Blocks.Interfaces.RealInput, useQuotes = true)
2022/06/02 21:59:38 Received getComponents(Real, useQuotes = true)
2022/06/02 21:59:38 Received getComponentAnnotations(Modelica.Blocks.Interfaces.RealInput, useQuotes = true)
2022/06/02 21:59:38 Received getComponentAnnotations(Real, useQuotes = true)
2022/06/02 21:59:38 Received getIconAnnotation(Modelica.Blocks.Interfaces.RealInput)
2022/06/02 21:59:38 Received getIconAnnotation(Real)
2022/06/02 21:59:38 Received getInheritedClasses(Modelica.Blocks.Interfaces.RealOutput)
2022/06/02 21:59:38 Received getInheritedClasses(Real)
2022/06/02 21:59:38 Received getComponents(Modelica.Blocks.Interfaces.RealOutput, useQuotes = true)
2022/06/02 21:59:38 Received getComponents(Real, useQuotes = true)
2022/06/02 21:59:38 Received getComponentAnnotations(Modelica.Blocks.Interfaces.RealOutput, useQuotes = true)
2022/06/02 21:59:38 Received getComponentAnnotations(Real, useQuotes = true)
2022/06/02 21:59:38 Received getIconAnnotation(Modelica.Blocks.Interfaces.RealOutput)
2022/06/02 21:59:38 Received getIconAnnotation(Real)
2022/06/02 21:59:45 Received checkModel(Modelica.Blocks.Examples.Filter)
2022/06/02 21:59:45 Received getMessagesStringInternal()
2022/06/02 21:59:49 Received getDocumentationAnnotation(Modelica.Blocks.Sources.Step)
2022/06/02 21:59:49 Received uriToFilename("modelica://Modelica/Resources/Images/Blocks/Sources/Step.png")
2022/06/02 21:59:49 Received getComponents(Modelica.Blocks.Examples.Filter)
2022/06/02 21:59:49 Received getInheritedClasses(Modelica.Blocks.Sources.Step)
2022/06/02 21:59:49 Received getInheritedClasses(Modelica.Blocks.Interfaces.SignalSource)
2022/06/02 21:59:49 Received getInheritedClasses(Modelica.Blocks.Interfaces.SO)
2022/06/02 21:59:49 Received getInheritedClasses(Modelica.Blocks.Icons.Block)
2022/06/02 21:59:49 Received getElements(Modelica.Blocks.Sources.Step, useQuotes = true)
2022/06/02 21:59:50 Received getElements(Modelica.Blocks.Interfaces.SignalSource, useQuotes = true)
2022/06/02 21:59:50 Received getElements(Modelica.Blocks.Interfaces.SO, useQuotes = true)
2022/06/02 21:59:51 Received getElements(Modelica.Blocks.Icons.Block, useQuotes = true)
2022/06/02 21:59:51 Received getElementAnnotations(Modelica.Blocks.Sources.Step, useQuotes = true)
2022/06/02 21:59:51 Received getElementAnnotations(Modelica.Blocks.Interfaces.SignalSource, useQuotes = true)
2022/06/02 21:59:51 Received getElementAnnotations(Modelica.Blocks.Interfaces.SO, useQuotes = true)
2022/06/02 21:59:51 Received getElementAnnotations(Modelica.Blocks.Icons.Block, useQuotes = true)
2022/06/02 21:59:51 Received getComponentModifierValue(Modelica.Blocks.Examples.Filter,step.height)
2022/06/02 21:59:51 Received isEnumeration(Real)
2022/06/02 21:59:51 Received getParameterValue(Modelica.Blocks.Sources.Step,"height")
2022/06/02 21:59:51 Received getDerivedClassModifierNames(Real)
2022/06/02 21:59:51 Received getComponentModifierValue(Modelica.Blocks.Examples.Filter,step.offset)
2022/06/02 21:59:51 Received isEnumeration(Real)
2022/06/02 21:59:51 Received getParameterValue(Modelica.Blocks.Sources.Step,"offset")
2022/06/02 21:59:51 Received getParameterValue(Modelica.Blocks.Interfaces.SignalSource,"offset")
2022/06/02 21:59:51 Received getDerivedClassModifierNames(Real)
2022/06/02 21:59:51 Received getComponentModifierValue(Modelica.Blocks.Examples.Filter,step.startTime)
2022/06/02 21:59:51 Received isEnumeration(Modelica.SIunits.Time)
2022/06/02 21:59:51 Received getParameterValue(Modelica.Blocks.Sources.Step,"startTime")
2022/06/02 21:59:51 Received getParameterValue(Modelica.Blocks.Interfaces.SignalSource,"startTime")
2022/06/02 21:59:51 Received getDerivedClassModifierNames(Modelica.SIunits.Time)
2022/06/02 21:59:51 Received getDerivedClassModifierValue(Modelica.SIunits.Time,unit)
2022/06/02 21:59:51 Received getComponentModifierValue(Modelica.Blocks.Examples.Filter,step.y)
2022/06/02 21:59:51 Received getExtendsModifierNames(Modelica.Blocks.Sources.Step,Modelica.Blocks.Interfaces.SignalSource, useQuotes = true)
2022/06/02 21:59:51 Received getExtendsModifierNames(Modelica.Blocks.Sources.Step,Modelica.Blocks.Interfaces.SO, useQuotes = true)
2022/06/02 21:59:51 Received getExtendsModifierNames(Modelica.Blocks.Sources.Step,Modelica.Blocks.Icons.Block, useQuotes = true)
2022/06/02 21:59:51 Received getExtendsModifierNames(Modelica.Blocks.Interfaces.SignalSource,Modelica.Blocks.Interfaces.SO, useQuotes = true)
2022/06/02 21:59:51 Received getExtendsModifierNames(Modelica.Blocks.Interfaces.SignalSource,Modelica.Blocks.Icons.Block, useQuotes = true)
2022/06/02 21:59:51 Received getExtendsModifierNames(Modelica.Blocks.Interfaces.SO,Modelica.Blocks.Icons.Block, useQuotes = true)
2022/06/02 22:00:01 Received list(Modelica)
2022/06/02 22:00:03 Received buildModel(Modelica.Blocks.Examples.Filter, fileNamePrefix = "public/UserFiles/ModelResult/wanghailong/Filter/20220602215958457509/result", stopTime=0.9, numberOfIntervals=500.0, tolerance=1e-06, method=dassl)
2022/06/02 22:00:10 Received list(Modelica)
2022/06/02 22:00:12 Received buildModel(Modelica.Blocks.Examples.Filter, fileNamePrefix = "public/UserFiles/ModelResult/wanghailong/Filter/20220602220008583049/result", stopTime=0.9, numberOfIntervals=500.0, tolerance=1e-06, method=dassl)
OMC connect 127.0.0.1:23456.
2022/06/02 22:01:26 Received clearProgram()
2022/06/02 22:01:26 Received clearProgram()
2022/06/02 22:01:26 Received clearProgram()
2022/06/02 22:01:26 Received clearProgram()
2022/06/02 22:01:27 Received loadModel(Modelica, {"3.2.3"},true,"",false)
2022/06/02 22:01:32 Received loadModel(Modelica, {"3.2.3"},true,"",false)
2022/06/02 22:01:33 Received loadModel(Modelica, {"3.2.3"},true,"",false)
2022/06/02 22:01:34 Received loadModel(Modelica, {"3.2.3"},true,"",false)
2022/06/02 22:01:34 Received loadModel(Complex, {"3.2.3"},true,"",false)
2022/06/02 22:01:34 Received loadModel(Complex, {"3.2.3"},true,"",false)
2022/06/02 22:01:34 Received loadModel(Complex, {"3.2.3"},true,"",false)
2022/06/02 22:01:34 Received loadModel(Complex, {"3.2.3"},true,"",false)
2022/06/02 22:01:34 Received loadModel(ModelicaServices, {"3.2.3"},true,"",false)
2022/06/02 22:01:34 Received loadModel(ModelicaServices, {"3.2.3"},true,"",false)
2022/06/02 22:01:35 Received loadModel(ModelicaServices, {"3.2.3"},true,"",false)
2022/06/02 22:01:35 Received loadModel(ModelicaServices, {"3.2.3"},true,"",false)
2022/06/02 22:01:35 Received loadModel(ModelicaReference, {"3.2.3"},true,"",false)
2022/06/02 22:01:35 Received loadModel(ModelicaReference, {"3.2.3"},true,"",false)
2022/06/02 22:01:35 Received loadModel(ModelicaReference, {"3.2.3"},true,"",false)
2022/06/02 22:01:35 Received loadModel(ModelicaReference, {"3.2.3"},true,"",false)
2022/06/02 22:01:37 Received loadModel(Buildings, {"8.0.0"},true,"",false)
2022/06/02 22:01:38 Received loadModel(Buildings, {"8.0.0"},true,"",false)
2022/06/02 22:01:40 Received loadModel(Buildings, {"8.0.0"},true,"",false)
2022/06/02 22:01:42 Received loadModel(Buildings, {"8.0.0"},true,"",false)
2022/06/02 22:01:42 Received loadModel(SolarPower, {""},true,"",false)
2022/06/02 22:01:43 Received loadModel(SolarPower, {""},true,"",false)
2022/06/02 22:01:43 Received loadModel(SolarPower, {""},true,"",false)
2022/06/02 22:01:43 Received loadModel(SolarPower, {""},true,"",false)
2022/06/02 22:01:44 Received loadModel(WindPowerSystem, {""},true,"",false)
2022/06/02 22:01:44 Received loadModel(WindPowerSystem, {""},true,"",false)
2022/06/02 22:01:44 Received loadModel(WindPowerSystem, {""},true,"",false)
2022/06/02 22:01:45 Received loadModel(WindPowerSystem, {""},true,"",false)
2022/06/02 22:01:55 Received clearProgram()
2022/06/02 22:01:55 Received loadModel(Modelica, {"3.2.3"},true,"",false)
2022/06/02 22:01:56 Received loadModel(Complex, {"3.2.3"},true,"",false)
2022/06/02 22:01:56 Received loadModel(ModelicaServices, {"3.2.3"},true,"",false)
2022/06/02 22:01:56 Received loadModel(ModelicaReference, {"3.2.3"},true,"",false)
2022/06/02 22:01:57 Received loadModel(Buildings, {"8.0.0"},true,"",false)
2022/06/02 22:01:57 Received loadModel(SolarPower, {""},true,"",false)
2022/06/02 22:01:57 Received loadModel(WindPowerSystem, {""},true,"",false)
2022/06/02 22:01:58 Received getClassNames(Modelica, recursive=false, qualified=false, sort=false, builtin=false, showProtected=false)
2022/06/02 22:01:58 Received getIconAnnotation(Modelica)
2022/06/02 22:01:58 Received getClassNames(Buildings, recursive=false, qualified=false, sort=false, builtin=false, showProtected=false)
2022/06/02 22:01:58 Received getIconAnnotation(Buildings)
2022/06/02 22:01:58 Received getClassNames(SolarPower, recursive=false, qualified=false, sort=false, builtin=false, showProtected=false)
2022/06/02 22:01:58 Received getIconAnnotation(SolarPower)
2022/06/02 22:01:58 Received getClassNames(WindPowerSystem, recursive=false, qualified=false, sort=false, builtin=false, showProtected=false)
2022/06/02 22:01:58 Received getIconAnnotation(WindPowerSystem)
2022/06/02 22:01:58 Received getClassNames(Modelica, recursive=false, qualified=false, sort=false, builtin=false, showProtected=false)
2022/06/02 22:01:58 Received getIconAnnotation(Modelica)
2022/06/02 22:01:58 Received getClassNames(Buildings, recursive=false, qualified=false, sort=false, builtin=false, showProtected=false)
2022/06/02 22:01:58 Received getIconAnnotation(Buildings)
2022/06/02 22:01:58 Received getClassNames(SolarPower, recursive=false, qualified=false, sort=false, builtin=false, showProtected=false)
2022/06/02 22:01:58 Received getIconAnnotation(SolarPower)
2022/06/02 22:01:58 Received getClassNames(WindPowerSystem, recursive=false, qualified=false, sort=false, builtin=false, showProtected=false)
2022/06/02 22:01:58 Received getIconAnnotation(WindPowerSystem)
2022/06/02 22:02:00 Received getClassNames(Modelica, recursive=false, qualified=false, sort=false, builtin=false, showProtected=false)
2022/06/02 22:02:00 Received getClassNames(Modelica.UsersGuide, recursive=false, qualified=false, sort=false, builtin=false, showProtected=false)
2022/06/02 22:02:00 Received getClassNames(Modelica.Blocks, recursive=false, qualified=false, sort=false, builtin=false, showProtected=false)
2022/06/02 22:02:00 Received getClassNames(Modelica.ComplexBlocks, recursive=false, qualified=false, sort=false, builtin=false, showProtected=false)
2022/06/02 22:02:00 Received getClassNames(Modelica.StateGraph, recursive=false, qualified=false, sort=false, builtin=false, showProtected=false)
2022/06/02 22:02:00 Received getClassNames(Modelica.Electrical, recursive=false, qualified=false, sort=false, builtin=false, showProtected=false)
2022/06/02 22:02:00 Received getClassNames(Modelica.Magnetic, recursive=false, qualified=false, sort=false, builtin=false, showProtected=false)
2022/06/02 22:02:00 Received getClassNames(Modelica.Mechanics, recursive=false, qualified=false, sort=false, builtin=false, showProtected=false)
2022/06/02 22:02:00 Received getClassNames(Modelica.Fluid, recursive=false, qualified=false, sort=false, builtin=false, showProtected=false)
2022/06/02 22:02:00 Received getClassNames(Modelica.Media, recursive=false, qualified=false, sort=false, builtin=false, showProtected=false)
2022/06/02 22:02:00 Received getClassNames(Modelica.Thermal, recursive=false, qualified=false, sort=false, builtin=false, showProtected=false)
2022/06/02 22:02:00 Received getClassNames(Modelica.Math, recursive=false, qualified=false, sort=false, builtin=false, showProtected=false)
2022/06/02 22:02:00 Received getClassNames(Modelica.ComplexMath, recursive=false, qualified=false, sort=false, builtin=false, showProtected=false)
2022/06/02 22:02:00 Received getClassNames(Modelica.Utilities, recursive=false, qualified=false, sort=false, builtin=false, showProtected=false)
2022/06/02 22:02:00 Received getClassNames(Modelica.Constants, recursive=false, qualified=false, sort=false, builtin=false, showProtected=false)
2022/06/02 22:02:00 Received getClassNames(Modelica.Icons, recursive=false, qualified=false, sort=false, builtin=false, showProtected=false)
2022/06/02 22:02:00 Received getClassNames(Modelica.SIunits, recursive=false, qualified=false, sort=false, builtin=false, showProtected=false)
2022/06/02 22:02:00 Received getIconAnnotation(UsersGuide)
2022/06/02 22:02:00 Received getIconAnnotation(Blocks)
2022/06/02 22:02:00 Received getIconAnnotation(ComplexBlocks)
2022/06/02 22:02:00 Received getIconAnnotation(StateGraph)
2022/06/02 22:02:00 Received getIconAnnotation(Electrical)
2022/06/02 22:02:00 Received getIconAnnotation(Magnetic)
2022/06/02 22:02:00 Received getIconAnnotation(Mechanics)
2022/06/02 22:02:00 Received getIconAnnotation(Fluid)
2022/06/02 22:02:00 Received getIconAnnotation(Media)
2022/06/02 22:02:00 Received getIconAnnotation(Thermal)
2022/06/02 22:02:00 Received getIconAnnotation(Math)
2022/06/02 22:02:00 Received getIconAnnotation(ComplexMath)
2022/06/02 22:02:00 Received getIconAnnotation(Utilities)
2022/06/02 22:02:00 Received getIconAnnotation(Constants)
2022/06/02 22:02:00 Received getIconAnnotation(Icons)
2022/06/02 22:02:00 Received getIconAnnotation(SIunits)
2022/06/02 22:02:00 Received getClassNames(Modelica.Blocks, recursive=false, qualified=false, sort=false, builtin=false, showProtected=false)
2022/06/02 22:02:00 Received getClassNames(Modelica.Blocks.Examples, recursive=false, qualified=false, sort=false, builtin=false, showProtected=false)
2022/06/02 22:02:00 Received getClassNames(Modelica.Blocks.Continuous, recursive=false, qualified=false, sort=false, builtin=false, showProtected=false)
2022/06/02 22:02:00 Received getClassNames(Modelica.Blocks.Discrete, recursive=false, qualified=false, sort=false, builtin=false, showProtected=false)
2022/06/02 22:02:00 Received getClassNames(Modelica.Blocks.Interaction, recursive=false, qualified=false, sort=false, builtin=false, showProtected=false)
2022/06/02 22:02:00 Received getClassNames(Modelica.Blocks.Interfaces, recursive=false, qualified=false, sort=false, builtin=false, showProtected=false)
2022/06/02 22:02:00 Received getClassNames(Modelica.Blocks.Logical, recursive=false, qualified=false, sort=false, builtin=false, showProtected=false)
2022/06/02 22:02:00 Received getClassNames(Modelica.Blocks.Math, recursive=false, qualified=false, sort=false, builtin=false, showProtected=false)
2022/06/02 22:02:00 Received getClassNames(Modelica.Blocks.MathInteger, recursive=false, qualified=false, sort=false, builtin=false, showProtected=false)
2022/06/02 22:02:00 Received getClassNames(Modelica.Blocks.MathBoolean, recursive=false, qualified=false, sort=false, builtin=false, showProtected=false)
2022/06/02 22:02:00 Received getClassNames(Modelica.Blocks.Nonlinear, recursive=false, qualified=false, sort=false, builtin=false, showProtected=false)
2022/06/02 22:02:00 Received getClassNames(Modelica.Blocks.Routing, recursive=false, qualified=false, sort=false, builtin=false, showProtected=false)
2022/06/02 22:02:00 Received getClassNames(Modelica.Blocks.Noise, recursive=false, qualified=false, sort=false, builtin=false, showProtected=false)
2022/06/02 22:02:00 Received getClassNames(Modelica.Blocks.Sources, recursive=false, qualified=false, sort=false, builtin=false, showProtected=false)
2022/06/02 22:02:00 Received getClassNames(Modelica.Blocks.Tables, recursive=false, qualified=false, sort=false, builtin=false, showProtected=false)
2022/06/02 22:02:00 Received getClassNames(Modelica.Blocks.Types, recursive=false, qualified=false, sort=false, builtin=false, showProtected=false)
2022/06/02 22:02:00 Received getClassNames(Modelica.Blocks.Icons, recursive=false, qualified=false, sort=false, builtin=false, showProtected=false)
2022/06/02 22:02:00 Received getIconAnnotation(Examples)
2022/06/02 22:02:00 Received getIconAnnotation(Continuous)
2022/06/02 22:02:00 Received getIconAnnotation(Discrete)
2022/06/02 22:02:00 Received getIconAnnotation(Interaction)
2022/06/02 22:02:00 Received getIconAnnotation(Interfaces)
2022/06/02 22:02:00 Received getIconAnnotation(Logical)
2022/06/02 22:02:00 Received getIconAnnotation(Math)
2022/06/02 22:02:00 Received getIconAnnotation(MathInteger)
2022/06/02 22:02:00 Received getIconAnnotation(MathBoolean)
2022/06/02 22:02:00 Received getIconAnnotation(Nonlinear)
2022/06/02 22:02:00 Received getIconAnnotation(Routing)
2022/06/02 22:02:00 Received getIconAnnotation(Noise)
2022/06/02 22:02:00 Received getIconAnnotation(Sources)
2022/06/02 22:02:00 Received getIconAnnotation(Tables)
2022/06/02 22:02:00 Received getIconAnnotation(Types)
2022/06/02 22:02:00 Received getIconAnnotation(Icons)
2022/06/02 22:02:04 Received getClassNames(Modelica.Blocks.Examples, recursive=false, qualified=false, sort=false, builtin=false, showProtected=false)
2022/06/02 22:02:04 Received getClassNames(Modelica.Blocks.Examples.PID_Controller, recursive=false, qualified=false, sort=false, builtin=false, showProtected=false)
2022/06/02 22:02:04 Received getClassNames(Modelica.Blocks.Examples.Filter, recursive=false, qualified=false, sort=false, builtin=false, showProtected=false)
2022/06/02 22:02:04 Received getClassNames(Modelica.Blocks.Examples.FilterWithDifferentiation, recursive=false, qualified=false, sort=false, builtin=false, showProtected=false)
2022/06/02 22:02:04 Received getClassNames(Modelica.Blocks.Examples.FilterWithRiseTime, recursive=false, qualified=false, sort=false, builtin=false, showProtected=false)
2022/06/02 22:02:04 Received getClassNames(Modelica.Blocks.Examples.SlewRateLimiter, recursive=false, qualified=false, sort=false, builtin=false, showProtected=false)
2022/06/02 22:02:04 Received getClassNames(Modelica.Blocks.Examples.InverseModel, recursive=false, qualified=false, sort=false, builtin=false, showProtected=false)
2022/06/02 22:02:04 Received getClassNames(Modelica.Blocks.Examples.ShowLogicalSources, recursive=false, qualified=false, sort=false, builtin=false, showProtected=false)
2022/06/02 22:02:04 Received getClassNames(Modelica.Blocks.Examples.LogicalNetwork1, recursive=false, qualified=false, sort=false, builtin=false, showProtected=false)
2022/06/02 22:02:04 Received getClassNames(Modelica.Blocks.Examples.RealNetwork1, recursive=false, qualified=false, sort=false, builtin=false, showProtected=false)
2022/06/02 22:02:04 Received getClassNames(Modelica.Blocks.Examples.IntegerNetwork1, recursive=false, qualified=false, sort=false, builtin=false, showProtected=false)
2022/06/02 22:02:04 Received getClassNames(Modelica.Blocks.Examples.BooleanNetwork1, recursive=false, qualified=false, sort=false, builtin=false, showProtected=false)
2022/06/02 22:02:04 Received getClassNames(Modelica.Blocks.Examples.Interaction1, recursive=false, qualified=false, sort=false, builtin=false, showProtected=false)
2022/06/02 22:02:04 Received getClassNames(Modelica.Blocks.Examples.BusUsage, recursive=false, qualified=false, sort=false, builtin=false, showProtected=false)
2022/06/02 22:02:04 Received getClassNames(Modelica.Blocks.Examples.Rectifier6pulseFFT, recursive=false, qualified=false, sort=false, builtin=false, showProtected=false)
2022/06/02 22:02:04 Received getClassNames(Modelica.Blocks.Examples.Rectifier12pulseFFT, recursive=false, qualified=false, sort=false, builtin=false, showProtected=false)
2022/06/02 22:02:04 Received getClassNames(Modelica.Blocks.Examples.TotalHarmonicDistortion, recursive=false, qualified=false, sort=false, builtin=false, showProtected=false)
2022/06/02 22:02:04 Received getClassNames(Modelica.Blocks.Examples.NoiseExamples, recursive=false, qualified=false, sort=false, builtin=false, showProtected=false)
2022/06/02 22:02:04 Received getClassNames(Modelica.Blocks.Examples.BusUsage_Utilities, recursive=false, qualified=false, sort=false, builtin=false, showProtected=false)
2022/06/02 22:02:04 Received getIconAnnotation(PID_Controller)
2022/06/02 22:02:04 Received getIconAnnotation(Filter)
2022/06/02 22:02:04 Received getIconAnnotation(FilterWithDifferentiation)
2022/06/02 22:02:04 Received getIconAnnotation(FilterWithRiseTime)
2022/06/02 22:02:04 Received getIconAnnotation(SlewRateLimiter)
2022/06/02 22:02:04 Received getIconAnnotation(InverseModel)
2022/06/02 22:02:04 Received getIconAnnotation(ShowLogicalSources)
2022/06/02 22:02:04 Received getIconAnnotation(LogicalNetwork1)
2022/06/02 22:02:04 Received getIconAnnotation(RealNetwork1)
2022/06/02 22:02:04 Received getIconAnnotation(IntegerNetwork1)
2022/06/02 22:02:04 Received getIconAnnotation(BooleanNetwork1)
2022/06/02 22:02:04 Received getIconAnnotation(Interaction1)
2022/06/02 22:02:04 Received getIconAnnotation(BusUsage)
2022/06/02 22:02:04 Received getIconAnnotation(Rectifier6pulseFFT)
2022/06/02 22:02:04 Received getIconAnnotation(Rectifier12pulseFFT)
2022/06/02 22:02:04 Received getIconAnnotation(TotalHarmonicDistortion)
2022/06/02 22:02:04 Received getIconAnnotation(NoiseExamples)
2022/06/02 22:02:04 Received getIconAnnotation(BusUsage_Utilities)
2022/06/02 22:02:05 Received getInheritedClasses(Modelica.Blocks.Examples.Filter)
2022/06/02 22:02:05 Received getInheritedClasses(Modelica.Icons.Example)
2022/06/02 22:02:05 Received getDiagramAnnotation(Modelica.Blocks.Examples.Filter)
2022/06/02 22:02:05 Received getDiagramAnnotation(Modelica.Icons.Example)
2022/06/02 22:02:05 Received getComponents(Modelica.Blocks.Examples.Filter, useQuotes = true)
2022/06/02 22:02:05 Received getComponents(Modelica.Icons.Example, useQuotes = true)
2022/06/02 22:02:05 Received getComponentAnnotations(Modelica.Blocks.Examples.Filter, useQuotes = true)
2022/06/02 22:02:05 Received getComponentAnnotations(Modelica.Icons.Example, useQuotes = true)
2022/06/02 22:02:05 Received getConnectionCount(Modelica.Blocks.Examples.Filter)
2022/06/02 22:02:05 Received getConnectionCount(Modelica.Icons.Example)
2022/06/02 22:02:05 Received getNthConnection(Modelica.Blocks.Examples.Filter,1)
2022/06/02 22:02:05 Received getNthConnectionAnnotation(Modelica.Blocks.Examples.Filter,1)
2022/06/02 22:02:05 Received getNthConnection(Modelica.Blocks.Examples.Filter,2)
2022/06/02 22:02:05 Received getNthConnectionAnnotation(Modelica.Blocks.Examples.Filter,2)
2022/06/02 22:02:05 Received getNthConnection(Modelica.Blocks.Examples.Filter,3)
2022/06/02 22:02:05 Received getNthConnectionAnnotation(Modelica.Blocks.Examples.Filter,3)
2022/06/02 22:02:05 Received getNthConnection(Modelica.Blocks.Examples.Filter,4)
2022/06/02 22:02:05 Received getComponents(Modelica.Blocks.Examples.Filter)
2022/06/02 22:02:05 Received getNthConnectionAnnotation(Modelica.Blocks.Examples.Filter,4)
2022/06/02 22:02:05 Received getDocumentationAnnotation(Modelica.Blocks.Examples.Filter)
2022/06/02 22:02:05 Received getInheritedClasses(Integer)
2022/06/02 22:02:05 Received uriToFilename("modelica://Modelica/Resources/Images/Blocks/Filter1.png")
2022/06/02 22:02:05 Received getInheritedClasses(Modelica.SIunits.Frequency)
2022/06/02 22:02:05 Received getSimulationOptions(Modelica.Blocks.Examples.Filter)
2022/06/02 22:02:05 Received getInheritedClasses(Real)
2022/06/02 22:02:05 Received getInheritedClasses(Modelica.Blocks.Types.FilterType)
2022/06/02 22:02:05 Received getInheritedClasses(Modelica.Blocks.Types.Init)
2022/06/02 22:02:05 Received getInheritedClasses(Boolean)
2022/06/02 22:02:05 Received getInheritedClasses(Modelica.Blocks.Sources.Step)
2022/06/02 22:02:05 Received getInheritedClasses(Modelica.Blocks.Interfaces.SignalSource)
2022/06/02 22:02:05 Received getInheritedClasses(Modelica.Blocks.Interfaces.SO)
2022/06/02 22:02:05 Received getInheritedClasses(Modelica.Blocks.Icons.Block)
2022/06/02 22:02:05 Received getComponents(Modelica.Blocks.Sources.Step, useQuotes = true)
2022/06/02 22:02:05 Received getComponents(Modelica.Blocks.Interfaces.SignalSource, useQuotes = true)
2022/06/02 22:02:05 Received getComponents(Modelica.Blocks.Interfaces.SO, useQuotes = true)
2022/06/02 22:02:05 Received getComponents(Modelica.Blocks.Icons.Block, useQuotes = true)
2022/06/02 22:02:05 Received getComponentAnnotations(Modelica.Blocks.Sources.Step, useQuotes = true)
2022/06/02 22:02:05 Received getComponentAnnotations(Modelica.Blocks.Interfaces.SignalSource, useQuotes = true)
2022/06/02 22:02:05 Received getComponentAnnotations(Modelica.Blocks.Interfaces.SO, useQuotes = true)
2022/06/02 22:02:05 Received getComponentAnnotations(Modelica.Blocks.Icons.Block, useQuotes = true)
2022/06/02 22:02:05 Received getIconAnnotation(Modelica.Blocks.Sources.Step)
2022/06/02 22:02:05 Received getIconAnnotation(Modelica.Blocks.Interfaces.SignalSource)
2022/06/02 22:02:05 Received getIconAnnotation(Modelica.Blocks.Interfaces.SO)
2022/06/02 22:02:05 Received getIconAnnotation(Modelica.Blocks.Icons.Block)
2022/06/02 22:02:05 Received getInheritedClasses(Modelica.Blocks.Interfaces.RealOutput)
2022/06/02 22:02:05 Received getInheritedClasses(Real)
2022/06/02 22:02:05 Received getComponents(Modelica.Blocks.Interfaces.RealOutput, useQuotes = true)
2022/06/02 22:02:05 Received getComponents(Real, useQuotes = true)
2022/06/02 22:02:05 Received getComponentAnnotations(Modelica.Blocks.Interfaces.RealOutput, useQuotes = true)
2022/06/02 22:02:05 Received getComponentAnnotations(Real, useQuotes = true)
2022/06/02 22:02:05 Received getIconAnnotation(Modelica.Blocks.Interfaces.RealOutput)
2022/06/02 22:02:05 Received getIconAnnotation(Real)
2022/06/02 22:02:05 Received getInheritedClasses(Modelica.Blocks.Continuous.Filter)
2022/06/02 22:02:05 Received getInheritedClasses(Modelica.Blocks.Interfaces.SISO)
2022/06/02 22:02:05 Received getInheritedClasses(Modelica.Blocks.Icons.Block)
2022/06/02 22:02:05 Received getComponents(Modelica.Blocks.Continuous.Filter, useQuotes = true)
2022/06/02 22:02:05 Received getComponents(Modelica.Blocks.Interfaces.SISO, useQuotes = true)
2022/06/02 22:02:05 Received getComponents(Modelica.Blocks.Icons.Block, useQuotes = true)
2022/06/02 22:02:05 Received getComponentAnnotations(Modelica.Blocks.Continuous.Filter, useQuotes = true)
2022/06/02 22:02:05 Received getComponentAnnotations(Modelica.Blocks.Interfaces.SISO, useQuotes = true)
2022/06/02 22:02:05 Received getComponentAnnotations(Modelica.Blocks.Icons.Block, useQuotes = true)
2022/06/02 22:02:05 Received getIconAnnotation(Modelica.Blocks.Continuous.Filter)
2022/06/02 22:02:05 Received getIconAnnotation(Modelica.Blocks.Interfaces.SISO)
2022/06/02 22:02:05 Received getIconAnnotation(Modelica.Blocks.Icons.Block)
2022/06/02 22:02:05 Received getInheritedClasses(Modelica.Blocks.Interfaces.RealOutput)
2022/06/02 22:02:05 Received getInheritedClasses(Real)
2022/06/02 22:02:05 Received getInheritedClasses(Modelica.Blocks.Interfaces.RealInput)
2022/06/02 22:02:05 Received getInheritedClasses(Real)
2022/06/02 22:02:05 Received getComponents(Modelica.Blocks.Interfaces.RealInput, useQuotes = true)
2022/06/02 22:02:05 Received getComponents(Real, useQuotes = true)
2022/06/02 22:02:05 Received getComponentAnnotations(Modelica.Blocks.Interfaces.RealInput, useQuotes = true)
2022/06/02 22:02:05 Received getComponentAnnotations(Real, useQuotes = true)
2022/06/02 22:02:05 Received getIconAnnotation(Modelica.Blocks.Interfaces.RealInput)
2022/06/02 22:02:05 Received getIconAnnotation(Real)
2022/06/02 22:02:05 Received getInheritedClasses(Modelica.Blocks.Interfaces.RealOutput)
2022/06/02 22:02:05 Received getInheritedClasses(Real)
2022/06/02 22:02:05 Received getComponents(Modelica.Blocks.Interfaces.RealOutput, useQuotes = true)
2022/06/02 22:02:05 Received getComponents(Real, useQuotes = true)
2022/06/02 22:02:05 Received getComponentAnnotations(Modelica.Blocks.Interfaces.RealOutput, useQuotes = true)
2022/06/02 22:02:05 Received getComponentAnnotations(Real, useQuotes = true)
2022/06/02 22:02:05 Received getIconAnnotation(Modelica.Blocks.Interfaces.RealOutput)
2022/06/02 22:02:05 Received getIconAnnotation(Real)
2022/06/02 22:02:05 Received getInheritedClasses(Modelica.Blocks.Continuous.Filter)
2022/06/02 22:02:05 Received getInheritedClasses(Modelica.Blocks.Interfaces.SISO)
2022/06/02 22:02:05 Received getInheritedClasses(Modelica.Blocks.Icons.Block)
2022/06/02 22:02:06 Received getComponents(Modelica.Blocks.Continuous.Filter, useQuotes = true)
2022/06/02 22:02:06 Received getComponents(Modelica.Blocks.Interfaces.SISO, useQuotes = true)
2022/06/02 22:02:06 Received getComponents(Modelica.Blocks.Icons.Block, useQuotes = true)
2022/06/02 22:02:06 Received getComponentAnnotations(Modelica.Blocks.Continuous.Filter, useQuotes = true)
2022/06/02 22:02:06 Received getComponentAnnotations(Modelica.Blocks.Interfaces.SISO, useQuotes = true)
2022/06/02 22:02:06 Received getComponentAnnotations(Modelica.Blocks.Icons.Block, useQuotes = true)
2022/06/02 22:02:06 Received getIconAnnotation(Modelica.Blocks.Continuous.Filter)
2022/06/02 22:02:06 Received getIconAnnotation(Modelica.Blocks.Interfaces.SISO)
2022/06/02 22:02:06 Received getIconAnnotation(Modelica.Blocks.Icons.Block)
2022/06/02 22:02:06 Received getInheritedClasses(Modelica.Blocks.Interfaces.RealOutput)
2022/06/02 22:02:06 Received getInheritedClasses(Real)
2022/06/02 22:02:06 Received getInheritedClasses(Modelica.Blocks.Interfaces.RealInput)
2022/06/02 22:02:06 Received getInheritedClasses(Real)
2022/06/02 22:02:06 Received getComponents(Modelica.Blocks.Interfaces.RealInput, useQuotes = true)
2022/06/02 22:02:06 Received getComponents(Real, useQuotes = true)
2022/06/02 22:02:06 Received getComponentAnnotations(Modelica.Blocks.Interfaces.RealInput, useQuotes = true)
2022/06/02 22:02:06 Received getComponentAnnotations(Real, useQuotes = true)
2022/06/02 22:02:06 Received getIconAnnotation(Modelica.Blocks.Interfaces.RealInput)
2022/06/02 22:02:06 Received getIconAnnotation(Real)
2022/06/02 22:02:06 Received getInheritedClasses(Modelica.Blocks.Interfaces.RealOutput)
2022/06/02 22:02:06 Received getInheritedClasses(Real)
2022/06/02 22:02:06 Received getComponents(Modelica.Blocks.Interfaces.RealOutput, useQuotes = true)
2022/06/02 22:02:06 Received getComponents(Real, useQuotes = true)
2022/06/02 22:02:06 Received getComponentAnnotations(Modelica.Blocks.Interfaces.RealOutput, useQuotes = true)
2022/06/02 22:02:06 Received getComponentAnnotations(Real, useQuotes = true)
2022/06/02 22:02:06 Received getIconAnnotation(Modelica.Blocks.Interfaces.RealOutput)
2022/06/02 22:02:06 Received getIconAnnotation(Real)
2022/06/02 22:02:06 Received getInheritedClasses(Modelica.Blocks.Continuous.Filter)
2022/06/02 22:02:06 Received getInheritedClasses(Modelica.Blocks.Interfaces.SISO)
2022/06/02 22:02:06 Received getInheritedClasses(Modelica.Blocks.Icons.Block)
2022/06/02 22:02:06 Received getComponents(Modelica.Blocks.Continuous.Filter, useQuotes = true)
2022/06/02 22:02:06 Received getComponents(Modelica.Blocks.Interfaces.SISO, useQuotes = true)
2022/06/02 22:02:06 Received getComponents(Modelica.Blocks.Icons.Block, useQuotes = true)
2022/06/02 22:02:07 Received getComponentAnnotations(Modelica.Blocks.Continuous.Filter, useQuotes = true)
2022/06/02 22:02:07 Received getComponentAnnotations(Modelica.Blocks.Interfaces.SISO, useQuotes = true)
2022/06/02 22:02:07 Received getComponentAnnotations(Modelica.Blocks.Icons.Block, useQuotes = true)
2022/06/02 22:02:07 Received getIconAnnotation(Modelica.Blocks.Continuous.Filter)
2022/06/02 22:02:07 Received getIconAnnotation(Modelica.Blocks.Interfaces.SISO)
2022/06/02 22:02:07 Received getIconAnnotation(Modelica.Blocks.Icons.Block)
2022/06/02 22:02:07 Received getInheritedClasses(Modelica.Blocks.Interfaces.RealOutput)
2022/06/02 22:02:07 Received getInheritedClasses(Real)
2022/06/02 22:02:07 Received getInheritedClasses(Modelica.Blocks.Interfaces.RealInput)
2022/06/02 22:02:07 Received getInheritedClasses(Real)
2022/06/02 22:02:07 Received getComponents(Modelica.Blocks.Interfaces.RealInput, useQuotes = true)
2022/06/02 22:02:07 Received getComponents(Real, useQuotes = true)
2022/06/02 22:02:07 Received getComponentAnnotations(Modelica.Blocks.Interfaces.RealInput, useQuotes = true)
2022/06/02 22:02:07 Received getComponentAnnotations(Real, useQuotes = true)
2022/06/02 22:02:07 Received getIconAnnotation(Modelica.Blocks.Interfaces.RealInput)
2022/06/02 22:02:07 Received getIconAnnotation(Real)
2022/06/02 22:02:07 Received getInheritedClasses(Modelica.Blocks.Interfaces.RealOutput)
2022/06/02 22:02:07 Received getInheritedClasses(Real)
2022/06/02 22:02:07 Received getComponents(Modelica.Blocks.Interfaces.RealOutput, useQuotes = true)
2022/06/02 22:02:07 Received getComponents(Real, useQuotes = true)
2022/06/02 22:02:07 Received getComponentAnnotations(Modelica.Blocks.Interfaces.RealOutput, useQuotes = true)
2022/06/02 22:02:07 Received getComponentAnnotations(Real, useQuotes = true)
2022/06/02 22:02:07 Received getIconAnnotation(Modelica.Blocks.Interfaces.RealOutput)
2022/06/02 22:02:07 Received getIconAnnotation(Real)
2022/06/02 22:02:07 Received getInheritedClasses(Modelica.Blocks.Continuous.Filter)
2022/06/02 22:02:07 Received getInheritedClasses(Modelica.Blocks.Interfaces.SISO)
2022/06/02 22:02:07 Received getInheritedClasses(Modelica.Blocks.Icons.Block)
2022/06/02 22:02:07 Received getComponents(Modelica.Blocks.Continuous.Filter, useQuotes = true)
2022/06/02 22:02:07 Received getComponents(Modelica.Blocks.Interfaces.SISO, useQuotes = true)
2022/06/02 22:02:07 Received getComponents(Modelica.Blocks.Icons.Block, useQuotes = true)
2022/06/02 22:02:08 Received getComponentAnnotations(Modelica.Blocks.Continuous.Filter, useQuotes = true)
2022/06/02 22:02:08 Received getComponentAnnotations(Modelica.Blocks.Interfaces.SISO, useQuotes = true)
2022/06/02 22:02:08 Received getComponentAnnotations(Modelica.Blocks.Icons.Block, useQuotes = true)
2022/06/02 22:02:08 Received getIconAnnotation(Modelica.Blocks.Continuous.Filter)
2022/06/02 22:02:08 Received getIconAnnotation(Modelica.Blocks.Interfaces.SISO)
2022/06/02 22:02:08 Received getIconAnnotation(Modelica.Blocks.Icons.Block)
2022/06/02 22:02:08 Received getInheritedClasses(Modelica.Blocks.Interfaces.RealOutput)
2022/06/02 22:02:08 Received getInheritedClasses(Real)
2022/06/02 22:02:08 Received getInheritedClasses(Modelica.Blocks.Interfaces.RealInput)
2022/06/02 22:02:08 Received getInheritedClasses(Real)
2022/06/02 22:02:08 Received getComponents(Modelica.Blocks.Interfaces.RealInput, useQuotes = true)
2022/06/02 22:02:08 Received getComponents(Real, useQuotes = true)
2022/06/02 22:02:08 Received getComponentAnnotations(Modelica.Blocks.Interfaces.RealInput, useQuotes = true)
2022/06/02 22:02:08 Received getComponentAnnotations(Real, useQuotes = true)
2022/06/02 22:02:08 Received getIconAnnotation(Modelica.Blocks.Interfaces.RealInput)
2022/06/02 22:02:08 Received getIconAnnotation(Real)
2022/06/02 22:02:08 Received getInheritedClasses(Modelica.Blocks.Interfaces.RealOutput)
2022/06/02 22:02:08 Received getInheritedClasses(Real)
2022/06/02 22:02:08 Received getComponents(Modelica.Blocks.Interfaces.RealOutput, useQuotes = true)
2022/06/02 22:02:08 Received getComponents(Real, useQuotes = true)
2022/06/02 22:02:08 Received getComponentAnnotations(Modelica.Blocks.Interfaces.RealOutput, useQuotes = true)
2022/06/02 22:02:08 Received getComponentAnnotations(Real, useQuotes = true)
2022/06/02 22:02:08 Received getIconAnnotation(Modelica.Blocks.Interfaces.RealOutput)
2022/06/02 22:02:08 Received getIconAnnotation(Real)
2022/06/02 22:02:16 Received list(Modelica)
2022/06/02 22:02:17 Received checkModel(Modelica.Blocks.Examples.Filter)
2022/06/02 22:02:19 Received buildModel(Modelica.Blocks.Examples.Filter, fileNamePrefix = "public/UserFiles/ModelResult/lixiang/Filter/20220602220213350295/result", stopTime=0.9, numberOfIntervals=500.0, tolerance=1e-06, method=dassl)
2022/06/02 22:02:19 Received getMessagesStringInternal()
OMC connect 127.0.0.1:23456.
2022/06/02 22:02:45 Received clearProgram()
2022/06/02 22:02:45 Received clearProgram()
2022/06/02 22:02:45 Received clearProgram()
2022/06/02 22:02:45 Received clearProgram()
2022/06/02 22:02:46 Received loadModel(Modelica, {"3.2.3"},true,"",false)
2022/06/02 22:02:47 Received loadModel(Modelica, {"3.2.3"},true,"",false)
2022/06/02 22:02:49 Received loadModel(Modelica, {"3.2.3"},true,"",false)
2022/06/02 22:03:01 Received loadModel(Modelica, {"3.2.3"},true,"",false)
2022/06/02 22:03:01 Received loadModel(Complex, {"3.2.3"},true,"",false)
2022/06/02 22:03:01 Received loadModel(Complex, {"3.2.3"},true,"",false)
2022/06/02 22:03:01 Received loadModel(Complex, {"3.2.3"},true,"",false)
2022/06/02 22:03:02 Received loadModel(Complex, {"3.2.3"},true,"",false)
2022/06/02 22:03:02 Received loadModel(ModelicaServices, {"3.2.3"},true,"",false)
2022/06/02 22:03:02 Received loadModel(ModelicaServices, {"3.2.3"},true,"",false)
2022/06/02 22:03:02 Received loadModel(ModelicaServices, {"3.2.3"},true,"",false)
2022/06/02 22:03:02 Received loadModel(ModelicaServices, {"3.2.3"},true,"",false)
2022/06/02 22:03:02 Received loadModel(ModelicaReference, {"3.2.3"},true,"",false)
2022/06/02 22:03:02 Received loadModel(ModelicaReference, {"3.2.3"},true,"",false)
2022/06/02 22:03:02 Received loadModel(ModelicaReference, {"3.2.3"},true,"",false)
2022/06/02 22:03:02 Received loadModel(ModelicaReference, {"3.2.3"},true,"",false)
OMC connect 127.0.0.1:23456.
2022/06/02 22:03:04 Received loadModel(Buildings, {"8.0.0"},true,"",false)
2022/06/02 22:03:07 Received loadModel(Buildings, {"8.0.0"},true,"",false)
2022/06/02 22:03:08 Received clearProgram()
2022/06/02 22:03:08 Received clearProgram()
2022/06/02 22:03:08 Received clearProgram()
2022/06/02 22:03:08 Received clearProgram()
2022/06/02 22:03:08 Received loadModel(Buildings, {"8.0.0"},true,"",false)
2022/06/02 22:03:10 Received loadModel(Modelica, {"3.2.3"},true,"",false)
2022/06/02 22:03:10 Received loadModel(Buildings, {"8.0.0"},true,"",false)
2022/06/02 22:03:11 Received loadModel(SolarPower, {""},true,"",false)
2022/06/02 22:03:11 Received loadModel(Modelica, {"3.2.3"},true,"",false)
2022/06/02 22:03:11 Received loadModel(SolarPower, {""},true,"",false)
2022/06/02 22:03:12 Received loadModel(SolarPower, {""},true,"",false)
2022/06/02 22:03:12 Received loadModel(SolarPower, {""},true,"",false)
2022/06/02 22:03:12 Received loadModel(Modelica, {"3.2.3"},true,"",false)
2022/06/02 22:03:12 Received loadModel(WindPowerSystem, {""},true,"",false)
2022/06/02 22:03:13 Received loadModel(WindPowerSystem, {""},true,"",false)
2022/06/02 22:03:13 Received loadModel(Modelica, {"3.2.3"},true,"",false)
2022/06/02 22:03:13 Received loadModel(WindPowerSystem, {""},true,"",false)
2022/06/02 22:03:13 Received loadModel(Complex, {"3.2.3"},true,"",false)
2022/06/02 22:03:13 Received loadModel(WindPowerSystem, {""},true,"",false)
2022/06/02 22:03:13 Received loadModel(Complex, {"3.2.3"},true,"",false)
2022/06/02 22:03:13 Received loadModel(Complex, {"3.2.3"},true,"",false)
2022/06/02 22:03:14 Received loadModel(Complex, {"3.2.3"},true,"",false)
2022/06/02 22:03:14 Received loadModel(ModelicaServices, {"3.2.3"},true,"",false)
2022/06/02 22:03:14 Received loadModel(ModelicaServices, {"3.2.3"},true,"",false)
2022/06/02 22:03:14 Received loadModel(ModelicaServices, {"3.2.3"},true,"",false)
2022/06/02 22:03:14 Received loadModel(ModelicaServices, {"3.2.3"},true,"",false)
2022/06/02 22:03:14 Received loadModel(ModelicaReference, {"3.2.3"},true,"",false)
2022/06/02 22:03:14 Received loadModel(ModelicaReference, {"3.2.3"},true,"",false)
2022/06/02 22:03:14 Received loadModel(ModelicaReference, {"3.2.3"},true,"",false)
2022/06/02 22:03:14 Received loadModel(ModelicaReference, {"3.2.3"},true,"",false)
2022/06/02 22:03:16 Received loadModel(Buildings, {"8.0.0"},true,"",false)
2022/06/02 22:03:17 Received loadModel(Buildings, {"8.0.0"},true,"",false)
2022/06/02 22:03:19 Received loadModel(Buildings, {"8.0.0"},true,"",false)
OMC connect 127.0.0.1:23456.
2022/06/02 22:03:21 Received loadModel(Buildings, {"8.0.0"},true,"",false)
2022/06/02 22:03:21 Received loadModel(SolarPower, {""},true,"",false)
2022/06/02 22:03:22 Received loadModel(SolarPower, {""},true,"",false)
2022/06/02 22:03:22 Received loadModel(SolarPower, {""},true,"",false)
2022/06/02 22:03:22 Received loadModel(SolarPower, {""},true,"",false)
2022/06/02 22:03:23 Received loadModel(WindPowerSystem, {""},true,"",false)
2022/06/02 22:03:23 Received clearProgram()
2022/06/02 22:03:23 Received clearProgram()
2022/06/02 22:03:23 Received clearProgram()
2022/06/02 22:03:23 Received loadModel(WindPowerSystem, {""},true,"",false)
2022/06/02 22:03:23 Received loadModel(WindPowerSystem, {""},true,"",false)
2022/06/02 22:03:24 Received loadModel(WindPowerSystem, {""},true,"",false)
2022/06/02 22:03:24 Received loadModel(Modelica, {"3.2.3"},true,"",false)
2022/06/02 22:03:26 Received loadModel(Modelica, {"3.2.3"},true,"",false)
2022/06/02 22:03:26 Received loadModel(Modelica, {"3.2.3"},true,"",false)
2022/06/02 22:03:27 Received loadModel(Complex, {"3.2.3"},true,"",false)
2022/06/02 22:03:27 Received clearProgram()
2022/06/02 22:03:27 Received loadModel(Complex, {"3.2.3"},true,"",false)
2022/06/02 22:03:27 Received loadModel(Complex, {"3.2.3"},true,"",false)
2022/06/02 22:03:31 Received loadModel(ModelicaServices, {"3.2.3"},true,"",false)
2022/06/02 22:03:35 Received loadModel(Modelica, {"3.2.3"},true,"",false)
2022/06/02 22:03:37 Received loadModel(ModelicaServices, {"3.2.3"},true,"",false)
2022/06/02 22:03:37 Received loadModel(ModelicaServices, {"3.2.3"},true,"",false)
2022/06/02 22:03:37 Received loadModel(ModelicaReference, {"3.2.3"},true,"",false)
2022/06/02 22:03:37 Received loadModel(Complex, {"3.2.3"},true,"",false)
2022/06/02 22:03:37 Received loadModel(ModelicaReference, {"3.2.3"},true,"",false)
2022/06/02 22:03:37 Received loadModel(ModelicaReference, {"3.2.3"},true,"",false)
2022/06/02 22:03:39 Received loadModel(Buildings, {"8.0.0"},true,"",false)
OMC connect 127.0.0.1:23456.
2022/06/02 22:03:39 Received loadModel(ModelicaServices, {"3.2.3"},true,"",false)
2022/06/02 22:03:49 Received loadModel(Buildings, {"8.0.0"},true,"",false)
2022/06/02 22:03:50 Received clearProgram()
2022/06/02 22:03:50 Received clearProgram()
2022/06/02 22:03:50 Received clearProgram()
2022/06/02 22:03:50 Received clearProgram()
2022/06/02 22:03:50 Received loadModel(Buildings, {"8.0.0"},true,"",false)
2022/06/02 22:03:51 Received loadModel(SolarPower, {""},true,"",false)
2022/06/02 22:03:51 Received loadModel(ModelicaReference, {"3.2.3"},true,"",false)
2022/06/02 22:03:51 Received loadModel(SolarPower, {""},true,"",false)
2022/06/02 22:03:51 Received loadModel(SolarPower, {""},true,"",false)
2022/06/02 22:03:51 Received loadModel(Modelica, {"3.2.3"},true,"",false)
2022/06/02 22:03:52 Received loadModel(WindPowerSystem, {""},true,"",false)
2022/06/02 22:03:57 Received loadModel(Modelica, {"3.2.3"},true,"",false)
2022/06/02 22:03:58 Received loadModel(Modelica, {"3.2.3"},true,"",false)
2022/06/02 22:03:59 Received loadModel(Modelica, {"3.2.3"},true,"",false)
2022/06/02 22:03:59 Received loadModel(Complex, {"3.2.3"},true,"",false)
2022/06/02 22:03:59 Received loadModel(Complex, {"3.2.3"},true,"",false)
2022/06/02 22:03:59 Received loadModel(Complex, {"3.2.3"},true,"",false)
2022/06/02 22:03:59 Received loadModel(Complex, {"3.2.3"},true,"",false)
2022/06/02 22:03:59 Received loadModel(ModelicaServices, {"3.2.3"},true,"",false)
2022/06/02 22:03:59 Received loadModel(ModelicaServices, {"3.2.3"},true,"",false)
2022/06/02 22:04:00 Received loadModel(ModelicaServices, {"3.2.3"},true,"",false)
2022/06/02 22:04:00 Received loadModel(ModelicaServices, {"3.2.3"},true,"",false)
2022/06/02 22:04:00 Received loadModel(ModelicaReference, {"3.2.3"},true,"",false)
2022/06/02 22:04:00 Received loadModel(ModelicaReference, {"3.2.3"},true,"",false)
2022/06/02 22:04:00 Received loadModel(ModelicaReference, {"3.2.3"},true,"",false)
2022/06/02 22:04:00 Received loadModel(ModelicaReference, {"3.2.3"},true,"",false)
2022/06/02 22:04:02 Received loadModel(Buildings, {"8.0.0"},true,"",false)
2022/06/02 22:04:04 Received loadModel(Buildings, {"8.0.0"},true,"",false)
2022/06/02 22:04:05 Received loadModel(Buildings, {"8.0.0"},true,"",false)
2022/06/02 22:04:07 Received loadModel(Buildings, {"8.0.0"},true,"",false)
2022/06/02 22:04:08 Received loadModel(SolarPower, {""},true,"",false)
2022/06/02 22:04:08 Received loadModel(SolarPower, {""},true,"",false)
2022/06/02 22:04:08 Received loadModel(SolarPower, {""},true,"",false)
2022/06/02 22:04:09 Received loadModel(SolarPower, {""},true,"",false)
2022/06/02 22:04:09 Received loadModel(WindPowerSystem, {""},true,"",false)
2022/06/02 22:04:10 Received loadModel(WindPowerSystem, {""},true,"",false)
2022/06/02 22:04:10 Received loadModel(WindPowerSystem, {""},true,"",false)
2022/06/02 22:04:10 Received loadModel(WindPowerSystem, {""},true,"",false)
OMC connect 127.0.0.1:23456.
OMC connect 127.0.0.1:23456.
OMC connect 127.0.0.1:23456.
OMC connect 127.0.0.1:23456.
OMC connect 127.0.0.1:23456.
OMC connect 127.0.0.1:23456.
2022/06/06 09:26:20 Received quit()
OMC connect 127.0.0.1:23456.
2022/06/06 09:30:02 Received clearProgram()
2022/06/06 09:30:02 Received clearProgram()
2022/06/06 09:30:02 Received clearProgram()
2022/06/06 09:30:02 Received clearProgram()
2022/06/06 09:30:03 Received loadModel(Modelica, {"3.2.3"},true,"",false)
2022/06/06 09:30:05 Received loadModel(Modelica, {"3.2.3"},true,"",false)
2022/06/06 09:30:05 Received loadModel(Modelica, {"3.2.3"},true,"",false)
2022/06/06 09:30:06 Received loadModel(Modelica, {"3.2.3"},true,"",false)
2022/06/06 09:30:06 Received loadModel(Complex, {"3.2.3"},true,"",false)
2022/06/06 09:30:06 Received loadModel(Complex, {"3.2.3"},true,"",false)
2022/06/06 09:30:07 Received loadModel(Complex, {"3.2.3"},true,"",false)
2022/06/06 09:30:07 Received loadModel(Complex, {"3.2.3"},true,"",false)
2022/06/06 09:30:07 Received loadModel(ModelicaServices, {"3.2.3"},true,"",false)
2022/06/06 09:30:07 Received loadModel(ModelicaServices, {"3.2.3"},true,"",false)
2022/06/06 09:30:07 Received loadModel(ModelicaServices, {"3.2.3"},true,"",false)
2022/06/06 09:30:07 Received loadModel(ModelicaServices, {"3.2.3"},true,"",false)
2022/06/06 09:30:07 Received loadModel(ModelicaReference, {"3.2.3"},true,"",false)
2022/06/06 09:30:07 Received loadModel(ModelicaReference, {"3.2.3"},true,"",false)
2022/06/06 09:30:07 Received loadModel(ModelicaReference, {"3.2.3"},true,"",false)
2022/06/06 09:30:07 Received loadModel(ModelicaReference, {"3.2.3"},true,"",false)
2022/06/06 09:30:09 Received loadModel(Buildings, {"8.0.0"},true,"",false)
2022/06/06 09:30:11 Received loadModel(Buildings, {"8.0.0"},true,"",false)
2022/06/06 09:30:12 Received loadModel(Buildings, {"8.0.0"},true,"",false)
2022/06/06 09:30:14 Received loadModel(Buildings, {"8.0.0"},true,"",false)
2022/06/06 09:30:14 Received loadModel(SolarPower, {""},true,"",false)
2022/06/06 09:30:15 Received loadModel(SolarPower, {""},true,"",false)
2022/06/06 09:30:15 Received loadModel(SolarPower, {""},true,"",false)
2022/06/06 09:30:15 Received loadModel(SolarPower, {""},true,"",false)
2022/06/06 09:30:16 Received loadModel(WindPowerSystem, {""},true,"",false)
2022/06/06 09:30:16 Received loadModel(WindPowerSystem, {""},true,"",false)
2022/06/06 09:30:16 Received loadModel(WindPowerSystem, {""},true,"",false)
2022/06/06 09:30:16 Received loadModel(WindPowerSystem, {""},true,"",false)
OMC connect 127.0.0.1:23456.
2022/06/06 09:31:41 Received clearProgram()
2022/06/06 09:31:42 Received loadModel(Modelica, {"3.2.3"},true,"",false)
2022/06/06 09:31:42 Received clearProgram()
2022/06/06 09:31:42 Received clearProgram()
2022/06/06 09:31:42 Received clearProgram()
2022/06/06 09:31:42 Received loadModel(Complex, {"3.2.3"},true,"",false)
2022/06/06 09:31:43 Received loadModel(Modelica, {"3.2.3"},true,"",false)
2022/06/06 09:31:44 Received loadModel(Modelica, {"3.2.3"},true,"",false)
2022/06/06 09:31:45 Received loadModel(Modelica, {"3.2.3"},true,"",false)
2022/06/06 09:31:45 Received loadModel(ModelicaServices, {"3.2.3"},true,"",false)
2022/06/06 09:31:45 Received loadModel(Complex, {"3.2.3"},true,"",false)
2022/06/06 09:31:45 Received loadModel(Complex, {"3.2.3"},true,"",false)
2022/06/06 09:31:45 Received loadModel(Complex, {"3.2.3"},true,"",false)
2022/06/06 09:31:45 Received loadModel(ModelicaReference, {"3.2.3"},true,"",false)
2022/06/06 09:31:45 Received loadModel(ModelicaServices, {"3.2.3"},true,"",false)
2022/06/06 09:31:45 Received loadModel(ModelicaServices, {"3.2.3"},true,"",false)
2022/06/06 09:31:45 Received loadModel(ModelicaServices, {"3.2.3"},true,"",false)
2022/06/06 09:31:46 Received loadModel(Buildings, {"8.0.0"},true,"",false)
2022/06/06 09:31:47 Received loadModel(ModelicaReference, {"3.2.3"},true,"",false)
2022/06/06 09:31:47 Received loadModel(ModelicaReference, {"3.2.3"},true,"",false)
2022/06/06 09:31:47 Received loadModel(ModelicaReference, {"3.2.3"},true,"",false)
2022/06/06 09:31:47 Received loadModel(SolarPower, {""},true,"",false)
2022/06/06 09:31:49 Received loadModel(Buildings, {"8.0.0"},true,"",false)
2022/06/06 09:31:50 Received loadModel(Buildings, {"8.0.0"},true,"",false)
2022/06/06 09:31:51 Received loadModel(Buildings, {"8.0.0"},true,"",false)
2022/06/06 09:31:52 Received loadModel(WindPowerSystem, {""},true,"",false)
2022/06/06 09:31:52 Received loadModel(SolarPower, {""},true,"",false)
2022/06/06 09:31:52 Received loadModel(SolarPower, {""},true,"",false)
OMC connect 127.0.0.1:23456.
2022/06/06 09:31:53 Received loadModel(SolarPower, {""},true,"",false)
2022/06/06 09:31:53 Received loadModel(WindPowerSystem, {""},true,"",false)
2022/06/06 09:31:53 Received loadModel(WindPowerSystem, {""},true,"",false)
2022/06/06 09:31:54 Received loadModel(WindPowerSystem, {""},true,"",false)
2022/06/06 09:31:55 Received clearProgram()
2022/06/06 09:31:55 Received clearProgram()
2022/06/06 09:31:55 Received clearProgram()
2022/06/06 09:31:56 Received loadModel(Modelica, {"3.2.3"},true,"",false)
2022/06/06 09:31:57 Received loadModel(Modelica, {"3.2.3"},true,"",false)
2022/06/06 09:31:58 Received loadModel(Modelica, {"3.2.3"},true,"",false)
2022/06/06 09:31:58 Received loadModel(Complex, {"3.2.3"},true,"",false)
2022/06/06 09:31:58 Received clearProgram()
2022/06/06 09:31:58 Received loadModel(Complex, {"3.2.3"},true,"",false)
2022/06/06 09:31:58 Received loadModel(Complex, {"3.2.3"},true,"",false)
2022/06/06 09:31:59 Received loadModel(ModelicaServices, {"3.2.3"},true,"",false)
2022/06/06 09:31:59 Received loadModel(Modelica, {"3.2.3"},true,"",false)
2022/06/06 09:32:00 Received loadModel(ModelicaServices, {"3.2.3"},true,"",false)
2022/06/06 09:32:00 Received loadModel(ModelicaServices, {"3.2.3"},true,"",false)
2022/06/06 09:32:00 Received loadModel(ModelicaReference, {"3.2.3"},true,"",false)
2022/06/06 09:32:00 Received loadModel(Complex, {"3.2.3"},true,"",false)
2022/06/06 09:32:00 Received loadModel(ModelicaReference, {"3.2.3"},true,"",false)
2022/06/06 09:32:00 Received loadModel(ModelicaReference, {"3.2.3"},true,"",false)
2022/06/06 09:32:01 Received loadModel(Buildings, {"8.0.0"},true,"",false)
2022/06/06 09:32:01 Received loadModel(ModelicaServices, {"3.2.3"},true,"",false)
2022/06/06 09:32:03 Received loadModel(Buildings, {"8.0.0"},true,"",false)
2022/06/06 09:32:05 Received loadModel(Buildings, {"8.0.0"},true,"",false)
2022/06/06 09:32:05 Received loadModel(SolarPower, {""},true,"",false)
2022/06/06 09:32:05 Received loadModel(ModelicaReference, {"3.2.3"},true,"",false)
2022/06/06 09:32:05 Received loadModel(SolarPower, {""},true,"",false)
2022/06/06 09:32:05 Received loadModel(SolarPower, {""},true,"",false)
2022/06/06 09:32:06 Received loadModel(WindPowerSystem, {""},true,"",false)
OMC connect 127.0.0.1:23456.
2022/06/06 09:32:08 Received loadModel(Buildings, {"8.0.0"},true,"",false)
2022/06/06 09:32:08 Received loadModel(WindPowerSystem, {""},true,"",false)
2022/06/06 09:32:08 Received loadModel(WindPowerSystem, {""},true,"",false)
2022/06/06 09:32:08 Received clearProgram()
2022/06/06 09:32:08 Received clearProgram()
2022/06/06 09:32:09 Received loadModel(SolarPower, {""},true,"",false)
2022/06/06 09:32:09 Received loadModel(WindPowerSystem, {""},true,"",false)
2022/06/06 09:32:10 Received loadModel(Modelica, {"3.2.3"},true,"",false)
2022/06/06 09:32:10 Received clearProgram()
2022/06/06 09:32:11 Received loadModel(Modelica, {"3.2.3"},true,"",false)
2022/06/06 09:32:11 Received clearProgram()
2022/06/06 09:32:11 Received loadModel(Complex, {"3.2.3"},true,"",false)
2022/06/06 09:32:11 Received loadModel(Modelica, {"3.2.3"},true,"",false)
2022/06/06 09:32:11 Received loadModel(Complex, {"3.2.3"},true,"",false)
2022/06/06 09:32:12 Received loadModel(Modelica, {"3.2.3"},true,"",false)
2022/06/06 09:32:13 Received loadModel(ModelicaServices, {"3.2.3"},true,"",false)
2022/06/06 09:32:13 Received loadModel(Complex, {"3.2.3"},true,"",false)
2022/06/06 09:32:13 Received loadModel(ModelicaServices, {"3.2.3"},true,"",false)
2022/06/06 09:32:13 Received loadModel(Complex, {"3.2.3"},true,"",false)
2022/06/06 09:32:13 Received loadModel(ModelicaReference, {"3.2.3"},true,"",false)
2022/06/06 09:32:13 Received loadModel(ModelicaServices, {"3.2.3"},true,"",false)
2022/06/06 09:32:13 Received loadModel(ModelicaReference, {"3.2.3"},true,"",false)
2022/06/06 09:32:13 Received loadModel(ModelicaServices, {"3.2.3"},true,"",false)
2022/06/06 09:32:14 Received loadModel(Buildings, {"8.0.0"},true,"",false)
2022/06/06 09:32:15 Received loadModel(ModelicaReference, {"3.2.3"},true,"",false)
2022/06/06 09:32:16 Received loadModel(Buildings, {"8.0.0"},true,"",false)
2022/06/06 09:32:17 Received loadModel(ModelicaReference, {"3.2.3"},true,"",false)
2022/06/06 09:32:17 Received loadModel(SolarPower, {""},true,"",false)
2022/06/06 09:32:18 Received loadModel(Buildings, {"8.0.0"},true,"",false)
2022/06/06 09:32:19 Received loadModel(SolarPower, {""},true,"",false)
2022/06/06 09:32:20 Received loadModel(Buildings, {"8.0.0"},true,"",false)
2022/06/06 09:32:20 Received loadModel(WindPowerSystem, {""},true,"",false)
2022/06/06 09:32:21 Received loadModel(SolarPower, {""},true,"",false)
2022/06/06 09:32:21 Received loadModel(WindPowerSystem, {""},true,"",false)
2022/06/06 09:32:21 Received loadModel(SolarPower, {""},true,"",false)
2022/06/06 09:32:22 Received loadModel(WindPowerSystem, {""},true,"",false)
2022/06/06 09:32:22 Received loadModel(WindPowerSystem, {""},true,"",false)
OMC connect 127.0.0.1:23456.
2022/06/06 09:32:25 Received clearProgram()
2022/06/06 09:32:25 Received clearProgram()
2022/06/06 09:32:25 Received clearProgram()
2022/06/06 09:32:27 Received loadModel(Modelica, {"3.2.3"},true,"",false)
2022/06/06 09:32:27 Received clearProgram()
2022/06/06 09:32:28 Received loadModel(Modelica, {"3.2.3"},true,"",false)
2022/06/06 09:32:28 Received loadModel(Modelica, {"3.2.3"},true,"",false)
2022/06/06 09:32:29 Received loadModel(Complex, {"3.2.3"},true,"",false)
2022/06/06 09:32:30 Received loadModel(Modelica, {"3.2.3"},true,"",false)
2022/06/06 09:32:30 Received loadModel(Complex, {"3.2.3"},true,"",false)
2022/06/06 09:32:30 Received loadModel(Complex, {"3.2.3"},true,"",false)
2022/06/06 09:32:30 Received loadModel(ModelicaServices, {"3.2.3"},true,"",false)
2022/06/06 09:32:30 Received loadModel(Complex, {"3.2.3"},true,"",false)
2022/06/06 09:32:30 Received loadModel(ModelicaServices, {"3.2.3"},true,"",false)
2022/06/06 09:32:30 Received loadModel(ModelicaServices, {"3.2.3"},true,"",false)
2022/06/06 09:32:30 Received loadModel(ModelicaReference, {"3.2.3"},true,"",false)
2022/06/06 09:32:30 Received loadModel(ModelicaServices, {"3.2.3"},true,"",false)
2022/06/06 09:32:31 Received loadModel(ModelicaReference, {"3.2.3"},true,"",false)
2022/06/06 09:32:31 Received loadModel(ModelicaReference, {"3.2.3"},true,"",false)
2022/06/06 09:32:32 Received loadModel(Buildings, {"8.0.0"},true,"",false)
2022/06/06 09:32:32 Received loadModel(ModelicaReference, {"3.2.3"},true,"",false)
2022/06/06 09:32:34 Received loadModel(Buildings, {"8.0.0"},true,"",false)
2022/06/06 09:32:36 Received loadModel(Buildings, {"8.0.0"},true,"",false)
2022/06/06 09:32:36 Received loadModel(SolarPower, {""},true,"",false)
OMC connect 127.0.0.1:23456.
2022/06/06 09:32:38 Received loadModel(Buildings, {"8.0.0"},true,"",false)
2022/06/06 09:32:38 Received loadModel(SolarPower, {""},true,"",false)
2022/06/06 09:32:39 Received loadModel(SolarPower, {""},true,"",false)
2022/06/06 09:32:39 Received loadModel(WindPowerSystem, {""},true,"",false)
2022/06/06 09:32:39 Received loadModel(SolarPower, {""},true,"",false)
2022/06/06 09:32:39 Received loadModel(WindPowerSystem, {""},true,"",false)
2022/06/06 09:32:40 Received clearProgram()
2022/06/06 09:32:40 Received clearProgram()
2022/06/06 09:32:40 Received clearProgram()
2022/06/06 09:32:40 Received loadModel(WindPowerSystem, {""},true,"",false)
2022/06/06 09:32:40 Received loadModel(WindPowerSystem, {""},true,"",false)
2022/06/06 09:32:41 Received loadModel(Modelica, {"3.2.3"},true,"",false)
2022/06/06 09:32:41 Received clearProgram()
2022/06/06 09:32:42 Received loadModel(Modelica, {"3.2.3"},true,"",false)
2022/06/06 09:32:43 Received loadModel(Modelica, {"3.2.3"},true,"",false)
2022/06/06 09:32:43 Received loadModel(Complex, {"3.2.3"},true,"",false)
2022/06/06 09:32:44 Received loadModel(Modelica, {"3.2.3"},true,"",false)
2022/06/06 09:32:44 Received loadModel(Complex, {"3.2.3"},true,"",false)
2022/06/06 09:32:44 Received loadModel(Complex, {"3.2.3"},true,"",false)
2022/06/06 09:32:45 Received loadModel(ModelicaServices, {"3.2.3"},true,"",false)
2022/06/06 09:32:45 Received loadModel(Complex, {"3.2.3"},true,"",false)
2022/06/06 09:32:45 Received loadModel(ModelicaServices, {"3.2.3"},true,"",false)
2022/06/06 09:32:45 Received loadModel(ModelicaServices, {"3.2.3"},true,"",false)
2022/06/06 09:32:45 Received loadModel(ModelicaReference, {"3.2.3"},true,"",false)
2022/06/06 09:32:45 Received loadModel(ModelicaServices, {"3.2.3"},true,"",false)
2022/06/06 09:32:45 Received loadModel(ModelicaReference, {"3.2.3"},true,"",false)
2022/06/06 09:32:45 Received loadModel(ModelicaReference, {"3.2.3"},true,"",false)
2022/06/06 09:32:47 Received loadModel(Buildings, {"8.0.0"},true,"",false)
2022/06/06 09:32:47 Received loadModel(ModelicaReference, {"3.2.3"},true,"",false)
2022/06/06 09:32:54 Received loadModel(Buildings, {"8.0.0"},true,"",false)
2022/06/06 09:32:56 Received loadModel(Buildings, {"8.0.0"},true,"",false)
2022/06/06 09:32:56 Received loadModel(SolarPower, {""},true,"",false)
2022/06/06 09:32:58 Received loadModel(Buildings, {"8.0.0"},true,"",false)
2022/06/06 09:32:58 Received loadModel(SolarPower, {""},true,"",false)
2022/06/06 09:32:58 Received loadModel(SolarPower, {""},true,"",false)
2022/06/06 09:32:59 Received loadModel(WindPowerSystem, {""},true,"",false)
2022/06/06 09:32:59 Received loadModel(SolarPower, {""},true,"",false)
2022/06/06 09:32:59 Received loadModel(WindPowerSystem, {""},true,"",false)
2022/06/06 09:33:00 Received loadModel(WindPowerSystem, {""},true,"",false)
2022/06/06 09:33:00 Received loadModel(WindPowerSystem, {""},true,"",false)
