
2022-06-22 06:10:11,178 - /JM/JM_install/Python/pymodelica/compiler.py[line:415] - WARNING: The environment variable SEPARATE_PROCESS_JVM is not set. Trying JAVA_HOME instead.
Warning at line 12059, column 9, in file '/public/tem/wanghailong/Simulate/Modelica.mo':
  The parameter CriticalDamping.c0 does not have a binding expression
Warning at line 12060, column 9, in file '/public/tem/wanghailong/Simulate/Modelica.mo':
  The parameter CriticalDamping.c1 does not have a binding expression
Warning at line 12063, column 9, in file '/public/tem/wanghailong/Simulate/Modelica.mo':
  The parameter CriticalDamping.a does not have a binding expression
Warning at line 12064, column 9, in file '/public/tem/wanghailong/Simulate/Modelica.mo':
  The parameter CriticalDamping.b does not have a binding expression
Warning at line 12065, column 9, in file '/public/tem/wanghailong/Simulate/Modelica.mo':
  The parameter CriticalDamping.ku does not have a binding expression
Warning at line 12066, column 9, in file '/public/tem/wanghailong/Simulate/Modelica.mo':
  The parameter Bessel.k1 does not have a binding expression
Warning at line 12066, column 9, in file '/public/tem/wanghailong/Simulate/Modelica.mo':
  The parameter Butterworth.k1 does not have a binding expression
Warning at line 12066, column 9, in file '/public/tem/wanghailong/Simulate/Modelica.mo':
  The parameter ChebyshevI.k1 does not have a binding expression
Warning at line 12066, column 9, in file '/public/tem/wanghailong/Simulate/Modelica.mo':
  The parameter CriticalDamping.k1 does not have a binding expression
Warning at line 12067, column 9, in file '/public/tem/wanghailong/Simulate/Modelica.mo':
  The parameter Bessel.k2 does not have a binding expression
Warning at line 12067, column 9, in file '/public/tem/wanghailong/Simulate/Modelica.mo':
  The parameter Butterworth.k2 does not have a binding expression
Warning at line 12067, column 9, in file '/public/tem/wanghailong/Simulate/Modelica.mo':
  The parameter ChebyshevI.k2 does not have a binding expression
Warning at line 12067, column 9, in file '/public/tem/wanghailong/Simulate/Modelica.mo':
  The parameter CriticalDamping.k2 does not have a binding expression
Warning at line 12069, column 9, in file '/public/tem/wanghailong/Simulate/Modelica.mo':
  Iteration variable "Bessel.uu[2]" is missing start value!
Warning at line 12069, column 9, in file '/public/tem/wanghailong/Simulate/Modelica.mo':
  Iteration variable "Butterworth.uu[2]" is missing start value!
Warning at line 12069, column 9, in file '/public/tem/wanghailong/Simulate/Modelica.mo':
  Iteration variable "ChebyshevI.uu[2]" is missing start value!
Warning at line 12069, column 9, in file '/public/tem/wanghailong/Simulate/Modelica.mo':
  Iteration variable "CriticalDamping.uu[2]" is missing start value!
Warning at line 12069, column 9, in file '/public/tem/wanghailong/Simulate/Modelica.mo':
  Iteration variable "CriticalDamping.uu[3]" is missing start value!
Warning at line 12069, column 9, in file '/public/tem/wanghailong/Simulate/Modelica.mo':
  Iteration variable "CriticalDamping.uu[4]" is missing start value!
2022-06-22 06:28:39,184 - /JM/JM_install/Python/pymodelica/compiler.py[line:415] - WARNING: The environment variable SEPARATE_PROCESS_JVM is not set. Trying JAVA_HOME instead.
Warning at line 12059, column 9, in file '/public/tem/wanghailong/Simulate/Modelica.mo':
  The parameter CriticalDamping.c0 does not have a binding expression
Warning at line 12060, column 9, in file '/public/tem/wanghailong/Simulate/Modelica.mo':
  The parameter CriticalDamping.c1 does not have a binding expression
Warning at line 12063, column 9, in file '/public/tem/wanghailong/Simulate/Modelica.mo':
  The parameter CriticalDamping.a does not have a binding expression
Warning at line 12064, column 9, in file '/public/tem/wanghailong/Simulate/Modelica.mo':
  The parameter CriticalDamping.b does not have a binding expression
Warning at line 12065, column 9, in file '/public/tem/wanghailong/Simulate/Modelica.mo':
  The parameter CriticalDamping.ku does not have a binding expression
Warning at line 12066, column 9, in file '/public/tem/wanghailong/Simulate/Modelica.mo':
  The parameter Bessel.k1 does not have a binding expression
Warning at line 12066, column 9, in file '/public/tem/wanghailong/Simulate/Modelica.mo':
  The parameter Butterworth.k1 does not have a binding expression
Warning at line 12066, column 9, in file '/public/tem/wanghailong/Simulate/Modelica.mo':
  The parameter ChebyshevI.k1 does not have a binding expression
Warning at line 12066, column 9, in file '/public/tem/wanghailong/Simulate/Modelica.mo':
  The parameter CriticalDamping.k1 does not have a binding expression
Warning at line 12067, column 9, in file '/public/tem/wanghailong/Simulate/Modelica.mo':
  The parameter Bessel.k2 does not have a binding expression
Warning at line 12067, column 9, in file '/public/tem/wanghailong/Simulate/Modelica.mo':
  The parameter Butterworth.k2 does not have a binding expression
Warning at line 12067, column 9, in file '/public/tem/wanghailong/Simulate/Modelica.mo':
  The parameter ChebyshevI.k2 does not have a binding expression
Warning at line 12067, column 9, in file '/public/tem/wanghailong/Simulate/Modelica.mo':
  The parameter CriticalDamping.k2 does not have a binding expression
Warning at line 12069, column 9, in file '/public/tem/wanghailong/Simulate/Modelica.mo':
  Iteration variable "Bessel.uu[2]" is missing start value!
Warning at line 12069, column 9, in file '/public/tem/wanghailong/Simulate/Modelica.mo':
  Iteration variable "Butterworth.uu[2]" is missing start value!
Warning at line 12069, column 9, in file '/public/tem/wanghailong/Simulate/Modelica.mo':
  Iteration variable "ChebyshevI.uu[2]" is missing start value!
Warning at line 12069, column 9, in file '/public/tem/wanghailong/Simulate/Modelica.mo':
  Iteration variable "CriticalDamping.uu[2]" is missing start value!
Warning at line 12069, column 9, in file '/public/tem/wanghailong/Simulate/Modelica.mo':
  Iteration variable "CriticalDamping.uu[3]" is missing start value!
Warning at line 12069, column 9, in file '/public/tem/wanghailong/Simulate/Modelica.mo':
  Iteration variable "CriticalDamping.uu[4]" is missing start value!

2022-06-22 06:31:22,911 - /JM/JM_install/Python/pymodelica/compiler.py[line:415] - WARNING: The environment variable SEPARATE_PROCESS_JVM is not set. Trying JAVA_HOME instead.
Warning at line 12059, column 9, in file '/public/tem/wanghailong/Simulate/Modelica.mo':
  The parameter CriticalDamping.c0 does not have a binding expression
Warning at line 12060, column 9, in file '/public/tem/wanghailong/Simulate/Modelica.mo':
  The parameter CriticalDamping.c1 does not have a binding expression
Warning at line 12063, column 9, in file '/public/tem/wanghailong/Simulate/Modelica.mo':
  The parameter CriticalDamping.a does not have a binding expression
Warning at line 12064, column 9, in file '/public/tem/wanghailong/Simulate/Modelica.mo':
  The parameter CriticalDamping.b does not have a binding expression
Warning at line 12065, column 9, in file '/public/tem/wanghailong/Simulate/Modelica.mo':
  The parameter CriticalDamping.ku does not have a binding expression
Warning at line 12066, column 9, in file '/public/tem/wanghailong/Simulate/Modelica.mo':
  The parameter Bessel.k1 does not have a binding expression
Warning at line 12066, column 9, in file '/public/tem/wanghailong/Simulate/Modelica.mo':
  The parameter Butterworth.k1 does not have a binding expression
Warning at line 12066, column 9, in file '/public/tem/wanghailong/Simulate/Modelica.mo':
  The parameter ChebyshevI.k1 does not have a binding expression
Warning at line 12066, column 9, in file '/public/tem/wanghailong/Simulate/Modelica.mo':
  The parameter CriticalDamping.k1 does not have a binding expression
Warning at line 12067, column 9, in file '/public/tem/wanghailong/Simulate/Modelica.mo':
  The parameter Bessel.k2 does not have a binding expression
Warning at line 12067, column 9, in file '/public/tem/wanghailong/Simulate/Modelica.mo':
  The parameter Butterworth.k2 does not have a binding expression
Warning at line 12067, column 9, in file '/public/tem/wanghailong/Simulate/Modelica.mo':
  The parameter ChebyshevI.k2 does not have a binding expression
Warning at line 12067, column 9, in file '/public/tem/wanghailong/Simulate/Modelica.mo':
  The parameter CriticalDamping.k2 does not have a binding expression
Warning at line 12069, column 9, in file '/public/tem/wanghailong/Simulate/Modelica.mo':
  Iteration variable "Bessel.uu[2]" is missing start value!
Warning at line 12069, column 9, in file '/public/tem/wanghailong/Simulate/Modelica.mo':
  Iteration variable "Butterworth.uu[2]" is missing start value!
Warning at line 12069, column 9, in file '/public/tem/wanghailong/Simulate/Modelica.mo':
  Iteration variable "ChebyshevI.uu[2]" is missing start value!
Warning at line 12069, column 9, in file '/public/tem/wanghailong/Simulate/Modelica.mo':
  Iteration variable "CriticalDamping.uu[2]" is missing start value!
Warning at line 12069, column 9, in file '/public/tem/wanghailong/Simulate/Modelica.mo':
  Iteration variable "CriticalDamping.uu[3]" is missing start value!
Warning at line 12069, column 9, in file '/public/tem/wanghailong/Simulate/Modelica.mo':
  Iteration variable "CriticalDamping.uu[4]" is missing start value!

2022-06-22 06:49:45,868 - /JM/JM_install/Python/pymodelica/compiler.py[line:415] - WARNING: The environment variable SEPARATE_PROCESS_JVM is not set. Trying JAVA_HOME instead.
Warning at line 1879, column 5, in file '/omlibrary/Modelica 3.2.3/Blocks/Continuous.mo':
  The parameter CriticalDamping.c0 does not have a binding expression
Warning at line 1880, column 5, in file '/omlibrary/Modelica 3.2.3/Blocks/Continuous.mo':
  The parameter CriticalDamping.c1 does not have a binding expression
Warning at line 1884, column 5, in file '/omlibrary/Modelica 3.2.3/Blocks/Continuous.mo':
  The parameter CriticalDamping.a does not have a binding expression
Warning at line 1885, column 5, in file '/omlibrary/Modelica 3.2.3/Blocks/Continuous.mo':
  The parameter CriticalDamping.b does not have a binding expression
Warning at line 1886, column 5, in file '/omlibrary/Modelica 3.2.3/Blocks/Continuous.mo':
  The parameter CriticalDamping.ku does not have a binding expression
Warning at line 1887, column 5, in file '/omlibrary/Modelica 3.2.3/Blocks/Continuous.mo':
  The parameter Bessel.k1 does not have a binding expression
Warning at line 1887, column 5, in file '/omlibrary/Modelica 3.2.3/Blocks/Continuous.mo':
  The parameter Butterworth.k1 does not have a binding expression
Warning at line 1887, column 5, in file '/omlibrary/Modelica 3.2.3/Blocks/Continuous.mo':
  The parameter ChebyshevI.k1 does not have a binding expression
Warning at line 1887, column 5, in file '/omlibrary/Modelica 3.2.3/Blocks/Continuous.mo':
  The parameter CriticalDamping.k1 does not have a binding expression
Warning at line 1889, column 5, in file '/omlibrary/Modelica 3.2.3/Blocks/Continuous.mo':
  The parameter Bessel.k2 does not have a binding expression
Warning at line 1889, column 5, in file '/omlibrary/Modelica 3.2.3/Blocks/Continuous.mo':
  The parameter Butterworth.k2 does not have a binding expression
Warning at line 1889, column 5, in file '/omlibrary/Modelica 3.2.3/Blocks/Continuous.mo':
  The parameter ChebyshevI.k2 does not have a binding expression
Warning at line 1889, column 5, in file '/omlibrary/Modelica 3.2.3/Blocks/Continuous.mo':
  The parameter CriticalDamping.k2 does not have a binding expression
Warning at line 1893, column 5, in file '/omlibrary/Modelica 3.2.3/Blocks/Continuous.mo':
  Iteration variable "Bessel.uu[2]" is missing start value!
Warning at line 1893, column 5, in file '/omlibrary/Modelica 3.2.3/Blocks/Continuous.mo':
  Iteration variable "Butterworth.uu[2]" is missing start value!
Warning at line 1893, column 5, in file '/omlibrary/Modelica 3.2.3/Blocks/Continuous.mo':
  Iteration variable "ChebyshevI.uu[2]" is missing start value!
Warning at line 1893, column 5, in file '/omlibrary/Modelica 3.2.3/Blocks/Continuous.mo':
  Iteration variable "CriticalDamping.uu[2]" is missing start value!
Warning at line 1893, column 5, in file '/omlibrary/Modelica 3.2.3/Blocks/Continuous.mo':
  Iteration variable "CriticalDamping.uu[3]" is missing start value!
Warning at line 1893, column 5, in file '/omlibrary/Modelica 3.2.3/Blocks/Continuous.mo':
  Iteration variable "CriticalDamping.uu[4]" is missing start value!

2022-06-22 07:02:04,921 - /JM/JM_install/Python/pymodelica/compiler.py[line:415] - WARNING: The environment variable SEPARATE_PROCESS_JVM is not set. Trying JAVA_HOME instead.
Warning at line 12059, column 9, in file '/public/tem/wanghailong/Simulate/Modelica.mo':
  The parameter CriticalDamping.c0 does not have a binding expression
Warning at line 12060, column 9, in file '/public/tem/wanghailong/Simulate/Modelica.mo':
  The parameter CriticalDamping.c1 does not have a binding expression
Warning at line 12063, column 9, in file '/public/tem/wanghailong/Simulate/Modelica.mo':
  The parameter CriticalDamping.a does not have a binding expression
Warning at line 12064, column 9, in file '/public/tem/wanghailong/Simulate/Modelica.mo':
  The parameter CriticalDamping.b does not have a binding expression
Warning at line 12065, column 9, in file '/public/tem/wanghailong/Simulate/Modelica.mo':
  The parameter CriticalDamping.ku does not have a binding expression
Warning at line 12066, column 9, in file '/public/tem/wanghailong/Simulate/Modelica.mo':
  The parameter Bessel.k1 does not have a binding expression
Warning at line 12066, column 9, in file '/public/tem/wanghailong/Simulate/Modelica.mo':
  The parameter Butterworth.k1 does not have a binding expression
Warning at line 12066, column 9, in file '/public/tem/wanghailong/Simulate/Modelica.mo':
  The parameter ChebyshevI.k1 does not have a binding expression
Warning at line 12066, column 9, in file '/public/tem/wanghailong/Simulate/Modelica.mo':
  The parameter CriticalDamping.k1 does not have a binding expression
Warning at line 12067, column 9, in file '/public/tem/wanghailong/Simulate/Modelica.mo':
  The parameter Bessel.k2 does not have a binding expression
Warning at line 12067, column 9, in file '/public/tem/wanghailong/Simulate/Modelica.mo':
  The parameter Butterworth.k2 does not have a binding expression
Warning at line 12067, column 9, in file '/public/tem/wanghailong/Simulate/Modelica.mo':
  The parameter ChebyshevI.k2 does not have a binding expression
Warning at line 12067, column 9, in file '/public/tem/wanghailong/Simulate/Modelica.mo':
  The parameter CriticalDamping.k2 does not have a binding expression
Warning at line 12069, column 9, in file '/public/tem/wanghailong/Simulate/Modelica.mo':
  Iteration variable "Bessel.uu[2]" is missing start value!
Warning at line 12069, column 9, in file '/public/tem/wanghailong/Simulate/Modelica.mo':
  Iteration variable "Butterworth.uu[2]" is missing start value!
Warning at line 12069, column 9, in file '/public/tem/wanghailong/Simulate/Modelica.mo':
  Iteration variable "ChebyshevI.uu[2]" is missing start value!
Warning at line 12069, column 9, in file '/public/tem/wanghailong/Simulate/Modelica.mo':
  Iteration variable "CriticalDamping.uu[2]" is missing start value!
Warning at line 12069, column 9, in file '/public/tem/wanghailong/Simulate/Modelica.mo':
  Iteration variable "CriticalDamping.uu[3]" is missing start value!
Warning at line 12069, column 9, in file '/public/tem/wanghailong/Simulate/Modelica.mo':
  Iteration variable "CriticalDamping.uu[4]" is missing start value!