Traceback (most recent call last):
  File "/home/simtek/code/SIMULATE.py", line 51, in <module>
    s = SimulateService()
  File "/home/simtek/code/SIMULATE.py", line 25, in __init__
    self.consumer = KafkaConsumer(bootstrap_servers=MQ_CONNECT, group_id='simulate')
  File "/home/simtek/code/miniconda3/lib/python3.9/site-packages/kafka/consumer/group.py", line 356, in __init__
    self._client = KafkaClient(metrics=self._metrics, **self.config)
  File "/home/simtek/code/miniconda3/lib/python3.9/site-packages/kafka/client_async.py", line 244, in __init__
    self.config['api_version'] = self.check_version(timeout=check_timeout)
  File "/home/simtek/code/miniconda3/lib/python3.9/site-packages/kafka/client_async.py", line 900, in check_version
Traceback (most recent call last):
  File "/home/simtek/code/SIMULATE.py", line 51, in <module>
    s = SimulateService()
  File "/home/simtek/code/SIMULATE.py", line 25, in __init__
    self.consumer = KafkaConsumer(bootstrap_servers=MQ_CONNECT, group_id='simulate')
  File "/home/simtek/code/miniconda3/lib/python3.9/site-packages/kafka/consumer/group.py", line 356, in __init__
    self._client = KafkaClient(metrics=self._metrics, **self.config)
  File "/home/simtek/code/miniconda3/lib/python3.9/site-packages/kafka/client_async.py", line 244, in __init__
    self.config['api_version'] = self.check_version(timeout=check_timeout)
  File "/home/simtek/code/miniconda3/lib/python3.9/site-packages/kafka/client_async.py", line 900, in check_version
    raise Errors.NoBrokersAvailable()
kafka.errors.NoBrokersAvailable: NoBrokersAvailable
    raise Errors.NoBrokersAvailable()
kafka.errors.NoBrokersAvailable: NoBrokersAvailable
Traceback (most recent call last):
  File "/home/simtek/code/SIMULATE.py", line 51, in <module>
    s = SimulateService()
  File "/home/simtek/code/SIMULATE.py", line 25, in __init__
    self.consumer = KafkaConsumer(bootstrap_servers=MQ_CONNECT, group_id='simulate')
  File "/home/simtek/code/miniconda3/lib/python3.9/site-packages/kafka/consumer/group.py", line 356, in __init__
    self._client = KafkaClient(metrics=self._metrics, **self.config)
  File "/home/simtek/code/miniconda3/lib/python3.9/site-packages/kafka/client_async.py", line 244, in __init__
    self.config['api_version'] = self.check_version(timeout=check_timeout)
  File "/home/simtek/code/miniconda3/lib/python3.9/site-packages/kafka/client_async.py", line 900, in check_version
    raise Errors.NoBrokersAvailable()
kafka.errors.NoBrokersAvailable: NoBrokersAvailable
Traceback (most recent call last):
  File "/home/simtek/code/SIMULATE.py", line 51, in <module>
    s = SimulateService()
  File "/home/simtek/code/SIMULATE.py", line 25, in __init__
    self.consumer = KafkaConsumer(bootstrap_servers=MQ_CONNECT, group_id='simulate')
  File "/home/simtek/code/miniconda3/lib/python3.9/site-packages/kafka/consumer/group.py", line 356, in __init__
    self._client = KafkaClient(metrics=self._metrics, **self.config)
  File "/home/simtek/code/miniconda3/lib/python3.9/site-packages/kafka/client_async.py", line 244, in __init__
    self.config['api_version'] = self.check_version(timeout=check_timeout)
  File "/home/simtek/code/miniconda3/lib/python3.9/site-packages/kafka/client_async.py", line 900, in check_version
    raise Errors.NoBrokersAvailable()
kafka.errors.NoBrokersAvailable: NoBrokersAvailable
Traceback (most recent call last):
  File "/home/simtek/code/SIMULATE.py", line 51, in <module>
    s = SimulateService()
  File "/home/simtek/code/SIMULATE.py", line 25, in __init__
    self.consumer = KafkaConsumer(bootstrap_servers=MQ_CONNECT, group_id='simulate')
  File "/home/simtek/code/miniconda3/lib/python3.9/site-packages/kafka/consumer/group.py", line 356, in __init__
    self._client = KafkaClient(metrics=self._metrics, **self.config)
  File "/home/simtek/code/miniconda3/lib/python3.9/site-packages/kafka/client_async.py", line 244, in __init__
    self.config['api_version'] = self.check_version(timeout=check_timeout)
  File "/home/simtek/code/miniconda3/lib/python3.9/site-packages/kafka/client_async.py", line 900, in check_version
    raise Errors.NoBrokersAvailable()
kafka.errors.NoBrokersAvailable: NoBrokersAvailable
Traceback (most recent call last):
  File "/home/simtek/code/SIMULATE.py", line 51, in <module>
    s = SimulateService()
  File "/home/simtek/code/SIMULATE.py", line 25, in __init__
    self.consumer = KafkaConsumer(bootstrap_servers=MQ_CONNECT, group_id='simulate')
  File "/home/simtek/code/miniconda3/lib/python3.9/site-packages/kafka/consumer/group.py", line 356, in __init__
    self._client = KafkaClient(metrics=self._metrics, **self.config)
  File "/home/simtek/code/miniconda3/lib/python3.9/site-packages/kafka/client_async.py", line 244, in __init__
    self.config['api_version'] = self.check_version(timeout=check_timeout)
  File "/home/simtek/code/miniconda3/lib/python3.9/site-packages/kafka/client_async.py", line 900, in check_version
    raise Errors.NoBrokersAvailable()
kafka.errors.NoBrokersAvailable: NoBrokersAvailable
Traceback (most recent call last):
  File "/home/simtek/code/SIMULATE.py", line 51, in <module>
    s = SimulateService()
  File "/home/simtek/code/SIMULATE.py", line 25, in __init__
    self.consumer = KafkaConsumer(bootstrap_servers=MQ_CONNECT, group_id='simulate')
  File "/home/simtek/code/miniconda3/lib/python3.9/site-packages/kafka/consumer/group.py", line 356, in __init__
    self._client = KafkaClient(metrics=self._metrics, **self.config)
  File "/home/simtek/code/miniconda3/lib/python3.9/site-packages/kafka/client_async.py", line 244, in __init__
    self.config['api_version'] = self.check_version(timeout=check_timeout)
  File "/home/simtek/code/miniconda3/lib/python3.9/site-packages/kafka/client_async.py", line 900, in check_version
    raise Errors.NoBrokersAvailable()
kafka.errors.NoBrokersAvailable: NoBrokersAvailable
Traceback (most recent call last):
  File "/home/simtek/code/SIMULATE.py", line 51, in <module>
    s = SimulateService()
  File "/home/simtek/code/SIMULATE.py", line 25, in __init__
    self.consumer = KafkaConsumer(bootstrap_servers=MQ_CONNECT, group_id='simulate')
  File "/home/simtek/code/miniconda3/lib/python3.9/site-packages/kafka/consumer/group.py", line 356, in __init__
    self._client = KafkaClient(metrics=self._metrics, **self.config)
  File "/home/simtek/code/miniconda3/lib/python3.9/site-packages/kafka/client_async.py", line 244, in __init__
    self.config['api_version'] = self.check_version(timeout=check_timeout)
  File "/home/simtek/code/miniconda3/lib/python3.9/site-packages/kafka/client_async.py", line 900, in check_version
    raise Errors.NoBrokersAvailable()
kafka.errors.NoBrokersAvailable: NoBrokersAvailable
Traceback (most recent call last):
  File "/home/simtek/code/SIMULATE.py", line 51, in <module>
    s = SimulateService()
  File "/home/simtek/code/SIMULATE.py", line 25, in __init__
    self.consumer = KafkaConsumer(bootstrap_servers=MQ_CONNECT, group_id='simulate')
  File "/home/simtek/code/miniconda3/lib/python3.9/site-packages/kafka/consumer/group.py", line 356, in __init__
    self._client = KafkaClient(metrics=self._metrics, **self.config)
  File "/home/simtek/code/miniconda3/lib/python3.9/site-packages/kafka/client_async.py", line 244, in __init__
    self.config['api_version'] = self.check_version(timeout=check_timeout)
  File "/home/simtek/code/miniconda3/lib/python3.9/site-packages/kafka/client_async.py", line 900, in check_version
    raise Errors.NoBrokersAvailable()
kafka.errors.NoBrokersAvailable: NoBrokersAvailable
Traceback (most recent call last):
  File "/home/simtek/code/SIMULATE.py", line 51, in <module>
    s = SimulateService()
  File "/home/simtek/code/SIMULATE.py", line 25, in __init__
    self.consumer = KafkaConsumer(bootstrap_servers=MQ_CONNECT, group_id='simulate')
  File "/home/simtek/code/miniconda3/lib/python3.9/site-packages/kafka/consumer/group.py", line 356, in __init__
    self._client = KafkaClient(metrics=self._metrics, **self.config)
  File "/home/simtek/code/miniconda3/lib/python3.9/site-packages/kafka/client_async.py", line 244, in __init__
    self.config['api_version'] = self.check_version(timeout=check_timeout)
  File "/home/simtek/code/miniconda3/lib/python3.9/site-packages/kafka/client_async.py", line 900, in check_version
    raise Errors.NoBrokersAvailable()
kafka.errors.NoBrokersAvailable: NoBrokersAvailable
Traceback (most recent call last):
  File "/home/simtek/code/SIMULATE.py", line 51, in <module>
    s = SimulateService()
  File "/home/simtek/code/SIMULATE.py", line 25, in __init__
    self.consumer = KafkaConsumer(bootstrap_servers=MQ_CONNECT, group_id='simulate')
  File "/home/simtek/code/miniconda3/lib/python3.9/site-packages/kafka/consumer/group.py", line 356, in __init__
    self._client = KafkaClient(metrics=self._metrics, **self.config)
  File "/home/simtek/code/miniconda3/lib/python3.9/site-packages/kafka/client_async.py", line 244, in __init__
    self.config['api_version'] = self.check_version(timeout=check_timeout)
  File "/home/simtek/code/miniconda3/lib/python3.9/site-packages/kafka/client_async.py", line 900, in check_version
    raise Errors.NoBrokersAvailable()
kafka.errors.NoBrokersAvailable: NoBrokersAvailable
Traceback (most recent call last):
  File "/home/simtek/code/SIMULATE.py", line 51, in <module>
    s = SimulateService()
  File "/home/simtek/code/SIMULATE.py", line 25, in __init__
    self.consumer = KafkaConsumer(bootstrap_servers=MQ_CONNECT, group_id='simulate')
  File "/home/simtek/code/miniconda3/lib/python3.9/site-packages/kafka/consumer/group.py", line 356, in __init__
    self._client = KafkaClient(metrics=self._metrics, **self.config)
  File "/home/simtek/code/miniconda3/lib/python3.9/site-packages/kafka/client_async.py", line 244, in __init__
    self.config['api_version'] = self.check_version(timeout=check_timeout)
  File "/home/simtek/code/miniconda3/lib/python3.9/site-packages/kafka/client_async.py", line 900, in check_version
    raise Errors.NoBrokersAvailable()
kafka.errors.NoBrokersAvailable: NoBrokersAvailable
Traceback (most recent call last):
  File "/home/simtek/code/SIMULATE.py", line 51, in <module>
    s = SimulateService()
  File "/home/simtek/code/SIMULATE.py", line 25, in __init__
    self.consumer = KafkaConsumer(bootstrap_servers=MQ_CONNECT, group_id='simulate')
  File "/home/simtek/code/miniconda3/lib/python3.9/site-packages/kafka/consumer/group.py", line 356, in __init__
    self._client = KafkaClient(metrics=self._metrics, **self.config)
  File "/home/simtek/code/miniconda3/lib/python3.9/site-packages/kafka/client_async.py", line 244, in __init__
    self.config['api_version'] = self.check_version(timeout=check_timeout)
  File "/home/simtek/code/miniconda3/lib/python3.9/site-packages/kafka/client_async.py", line 900, in check_version
    raise Errors.NoBrokersAvailable()
kafka.errors.NoBrokersAvailable: NoBrokersAvailable
Traceback (most recent call last):
  File "/home/simtek/code/SIMULATE.py", line 51, in <module>
    s = SimulateService()
  File "/home/simtek/code/SIMULATE.py", line 25, in __init__
    self.consumer = KafkaConsumer(bootstrap_servers=MQ_CONNECT, group_id='simulate')
  File "/home/simtek/code/miniconda3/lib/python3.9/site-packages/kafka/consumer/group.py", line 356, in __init__
    self._client = KafkaClient(metrics=self._metrics, **self.config)
  File "/home/simtek/code/miniconda3/lib/python3.9/site-packages/kafka/client_async.py", line 244, in __init__
    self.config['api_version'] = self.check_version(timeout=check_timeout)
  File "/home/simtek/code/miniconda3/lib/python3.9/site-packages/kafka/client_async.py", line 927, in check_version
    raise Errors.NoBrokersAvailable()
kafka.errors.NoBrokersAvailable: NoBrokersAvailable
Traceback (most recent call last):
  File "/home/simtek/code/SIMULATE.py", line 51, in <module>
    s = SimulateService()
  File "/home/simtek/code/SIMULATE.py", line 25, in __init__
    self.consumer = KafkaConsumer(bootstrap_servers=MQ_CONNECT, group_id='simulate')
  File "/home/simtek/code/miniconda3/lib/python3.9/site-packages/kafka/consumer/group.py", line 356, in __init__
    self._client = KafkaClient(metrics=self._metrics, **self.config)
  File "/home/simtek/code/miniconda3/lib/python3.9/site-packages/kafka/client_async.py", line 244, in __init__
    self.config['api_version'] = self.check_version(timeout=check_timeout)
  File "/home/simtek/code/miniconda3/lib/python3.9/site-packages/kafka/client_async.py", line 927, in check_version
    raise Errors.NoBrokersAvailable()
kafka.errors.NoBrokersAvailable: NoBrokersAvailable
Traceback (most recent call last):
  File "/home/simtek/code/SIMULATE.py", line 51, in <module>
    s = SimulateService()
  File "/home/simtek/code/SIMULATE.py", line 25, in __init__
    self.consumer = KafkaConsumer(bootstrap_servers=MQ_CONNECT, group_id='simulate')
  File "/home/simtek/code/miniconda3/lib/python3.9/site-packages/kafka/consumer/group.py", line 356, in __init__
    self._client = KafkaClient(metrics=self._metrics, **self.config)
  File "/home/simtek/code/miniconda3/lib/python3.9/site-packages/kafka/client_async.py", line 244, in __init__
    self.config['api_version'] = self.check_version(timeout=check_timeout)
  File "/home/simtek/code/miniconda3/lib/python3.9/site-packages/kafka/client_async.py", line 927, in check_version
    raise Errors.NoBrokersAvailable()
kafka.errors.NoBrokersAvailable: NoBrokersAvailable
Traceback (most recent call last):
  File "/home/simtek/code/SIMULATE.py", line 51, in <module>
    s = SimulateService()
  File "/home/simtek/code/SIMULATE.py", line 25, in __init__
    self.consumer = KafkaConsumer(bootstrap_servers=MQ_CONNECT, group_id='simulate')
  File "/home/simtek/code/miniconda3/lib/python3.9/site-packages/kafka/consumer/group.py", line 356, in __init__
    self._client = KafkaClient(metrics=self._metrics, **self.config)
  File "/home/simtek/code/miniconda3/lib/python3.9/site-packages/kafka/client_async.py", line 244, in __init__
    self.config['api_version'] = self.check_version(timeout=check_timeout)
  File "/home/simtek/code/miniconda3/lib/python3.9/site-packages/kafka/client_async.py", line 927, in check_version
    raise Errors.NoBrokersAvailable()
kafka.errors.NoBrokersAvailable: NoBrokersAvailable
Traceback (most recent call last):
  File "/home/simtek/code/SIMULATE.py", line 51, in <module>
    s = SimulateService()
  File "/home/simtek/code/SIMULATE.py", line 25, in __init__
    self.consumer = KafkaConsumer(bootstrap_servers=MQ_CONNECT, group_id='simulate')
  File "/home/simtek/code/miniconda3/lib/python3.9/site-packages/kafka/consumer/group.py", line 356, in __init__
    self._client = KafkaClient(metrics=self._metrics, **self.config)
  File "/home/simtek/code/miniconda3/lib/python3.9/site-packages/kafka/client_async.py", line 244, in __init__
    self.config['api_version'] = self.check_version(timeout=check_timeout)
  File "/home/simtek/code/miniconda3/lib/python3.9/site-packages/kafka/client_async.py", line 927, in check_version
    raise Errors.NoBrokersAvailable()
kafka.errors.NoBrokersAvailable: NoBrokersAvailable
Traceback (most recent call last):
  File "/home/simtek/code/SIMULATE.py", line 51, in <module>
    s = SimulateService()
  File "/home/simtek/code/SIMULATE.py", line 25, in __init__
    self.consumer = KafkaConsumer(bootstrap_servers=MQ_CONNECT, group_id='simulate')
  File "/home/simtek/code/miniconda3/lib/python3.9/site-packages/kafka/consumer/group.py", line 356, in __init__
    self._client = KafkaClient(metrics=self._metrics, **self.config)
  File "/home/simtek/code/miniconda3/lib/python3.9/site-packages/kafka/client_async.py", line 244, in __init__
    self.config['api_version'] = self.check_version(timeout=check_timeout)
  File "/home/simtek/code/miniconda3/lib/python3.9/site-packages/kafka/client_async.py", line 927, in check_version
    raise Errors.NoBrokersAvailable()
kafka.errors.NoBrokersAvailable: NoBrokersAvailable
Traceback (most recent call last):
  File "/home/simtek/code/SIMULATE.py", line 51, in <module>
    s = SimulateService()
  File "/home/simtek/code/SIMULATE.py", line 25, in __init__
    self.consumer = KafkaConsumer(bootstrap_servers=MQ_CONNECT, group_id='simulate')
  File "/home/simtek/code/miniconda3/lib/python3.9/site-packages/kafka/consumer/group.py", line 356, in __init__
    self._client = KafkaClient(metrics=self._metrics, **self.config)
  File "/home/simtek/code/miniconda3/lib/python3.9/site-packages/kafka/client_async.py", line 244, in __init__
    self.config['api_version'] = self.check_version(timeout=check_timeout)
  File "/home/simtek/code/miniconda3/lib/python3.9/site-packages/kafka/client_async.py", line 900, in check_version
    raise Errors.NoBrokersAvailable()
kafka.errors.NoBrokersAvailable: NoBrokersAvailable
Traceback (most recent call last):
  File "/home/simtek/code/SIMULATE.py", line 51, in <module>
    s = SimulateService()
  File "/home/simtek/code/SIMULATE.py", line 25, in __init__
    self.consumer = KafkaConsumer(bootstrap_servers=MQ_CONNECT, group_id='simulate')
  File "/home/simtek/code/miniconda3/lib/python3.9/site-packages/kafka/consumer/group.py", line 356, in __init__
    self._client = KafkaClient(metrics=self._metrics, **self.config)
  File "/home/simtek/code/miniconda3/lib/python3.9/site-packages/kafka/client_async.py", line 244, in __init__
    self.config['api_version'] = self.check_version(timeout=check_timeout)
  File "/home/simtek/code/miniconda3/lib/python3.9/site-packages/kafka/client_async.py", line 900, in check_version
    raise Errors.NoBrokersAvailable()
kafka.errors.NoBrokersAvailable: NoBrokersAvailable
Traceback (most recent call last):
  File "/home/simtek/code/SIMULATE.py", line 51, in <module>
    s = SimulateService()
  File "/home/simtek/code/SIMULATE.py", line 25, in __init__
    self.consumer = KafkaConsumer(bootstrap_servers=MQ_CONNECT, group_id='simulate')
  File "/home/simtek/code/miniconda3/lib/python3.9/site-packages/kafka/consumer/group.py", line 356, in __init__
    self._client = KafkaClient(metrics=self._metrics, **self.config)
  File "/home/simtek/code/miniconda3/lib/python3.9/site-packages/kafka/client_async.py", line 244, in __init__
    self.config['api_version'] = self.check_version(timeout=check_timeout)
  File "/home/simtek/code/miniconda3/lib/python3.9/site-packages/kafka/client_async.py", line 900, in check_version
    raise Errors.NoBrokersAvailable()
kafka.errors.NoBrokersAvailable: NoBrokersAvailable
Traceback (most recent call last):
  File "/home/simtek/code/SIMULATE.py", line 51, in <module>
    s = SimulateService()
  File "/home/simtek/code/SIMULATE.py", line 25, in __init__
    self.consumer = KafkaConsumer(bootstrap_servers=MQ_CONNECT, group_id='simulate')
  File "/home/simtek/code/miniconda3/lib/python3.9/site-packages/kafka/consumer/group.py", line 356, in __init__
    self._client = KafkaClient(metrics=self._metrics, **self.config)
  File "/home/simtek/code/miniconda3/lib/python3.9/site-packages/kafka/client_async.py", line 244, in __init__
    self.config['api_version'] = self.check_version(timeout=check_timeout)
  File "/home/simtek/code/miniconda3/lib/python3.9/site-packages/kafka/client_async.py", line 900, in check_version
    raise Errors.NoBrokersAvailable()
kafka.errors.NoBrokersAvailable: NoBrokersAvailable
Traceback (most recent call last):
  File "/home/simtek/code/SIMULATE.py", line 51, in <module>
    s = SimulateService()
  File "/home/simtek/code/SIMULATE.py", line 25, in __init__
    self.consumer = KafkaConsumer(bootstrap_servers=MQ_CONNECT, group_id='simulate')
  File "/home/simtek/code/miniconda3/lib/python3.9/site-packages/kafka/consumer/group.py", line 356, in __init__
    self._client = KafkaClient(metrics=self._metrics, **self.config)
  File "/home/simtek/code/miniconda3/lib/python3.9/site-packages/kafka/client_async.py", line 244, in __init__
    self.config['api_version'] = self.check_version(timeout=check_timeout)
  File "/home/simtek/code/miniconda3/lib/python3.9/site-packages/kafka/client_async.py", line 900, in check_version
    raise Errors.NoBrokersAvailable()
kafka.errors.NoBrokersAvailable: NoBrokersAvailable
Traceback (most recent call last):
  File "/home/simtek/code/SIMULATE.py", line 51, in <module>
    s = SimulateService()
  File "/home/simtek/code/SIMULATE.py", line 25, in __init__
    self.consumer = KafkaConsumer(bootstrap_servers=MQ_CONNECT, group_id='simulate')
  File "/home/simtek/code/miniconda3/lib/python3.9/site-packages/kafka/consumer/group.py", line 356, in __init__
    self._client = KafkaClient(metrics=self._metrics, **self.config)
  File "/home/simtek/code/miniconda3/lib/python3.9/site-packages/kafka/client_async.py", line 244, in __init__
    self.config['api_version'] = self.check_version(timeout=check_timeout)
  File "/home/simtek/code/miniconda3/lib/python3.9/site-packages/kafka/client_async.py", line 900, in check_version
    raise Errors.NoBrokersAvailable()
kafka.errors.NoBrokersAvailable: NoBrokersAvailable
Traceback (most recent call last):
  File "/home/simtek/code/SIMULATE.py", line 51, in <module>
    s = SimulateService()
  File "/home/simtek/code/SIMULATE.py", line 25, in __init__
    self.consumer = KafkaConsumer(bootstrap_servers=MQ_CONNECT, group_id='simulate')
  File "/home/simtek/code/miniconda3/lib/python3.9/site-packages/kafka/consumer/group.py", line 356, in __init__
    self._client = KafkaClient(metrics=self._metrics, **self.config)
  File "/home/simtek/code/miniconda3/lib/python3.9/site-packages/kafka/client_async.py", line 244, in __init__
    self.config['api_version'] = self.check_version(timeout=check_timeout)
  File "/home/simtek/code/miniconda3/lib/python3.9/site-packages/kafka/client_async.py", line 900, in check_version
    raise Errors.NoBrokersAvailable()
kafka.errors.NoBrokersAvailable: NoBrokersAvailable
Traceback (most recent call last):
  File "/home/simtek/code/SIMULATE.py", line 51, in <module>
    s = SimulateService()
  File "/home/simtek/code/SIMULATE.py", line 25, in __init__
    self.consumer = KafkaConsumer(bootstrap_servers=MQ_CONNECT, group_id='simulate')
  File "/home/simtek/code/miniconda3/lib/python3.9/site-packages/kafka/consumer/group.py", line 356, in __init__
    self._client = KafkaClient(metrics=self._metrics, **self.config)
  File "/home/simtek/code/miniconda3/lib/python3.9/site-packages/kafka/client_async.py", line 244, in __init__
    self.config['api_version'] = self.check_version(timeout=check_timeout)
  File "/home/simtek/code/miniconda3/lib/python3.9/site-packages/kafka/client_async.py", line 900, in check_version
    raise Errors.NoBrokersAvailable()
kafka.errors.NoBrokersAvailable: NoBrokersAvailable
Traceback (most recent call last):
  File "/home/simtek/code/SIMULATE.py", line 51, in <module>
    s = SimulateService()
  File "/home/simtek/code/SIMULATE.py", line 25, in __init__
    self.consumer = KafkaConsumer(bootstrap_servers=MQ_CONNECT, group_id='simulate')
  File "/home/simtek/code/miniconda3/lib/python3.9/site-packages/kafka/consumer/group.py", line 356, in __init__
    self._client = KafkaClient(metrics=self._metrics, **self.config)
  File "/home/simtek/code/miniconda3/lib/python3.9/site-packages/kafka/client_async.py", line 244, in __init__
    self.config['api_version'] = self.check_version(timeout=check_timeout)
  File "/home/simtek/code/miniconda3/lib/python3.9/site-packages/kafka/client_async.py", line 900, in check_version
    raise Errors.NoBrokersAvailable()
kafka.errors.NoBrokersAvailable: NoBrokersAvailable
Traceback (most recent call last):
  File "/home/simtek/code/SIMULATE.py", line 51, in <module>
    s = SimulateService()
  File "/home/simtek/code/SIMULATE.py", line 25, in __init__
    self.consumer = KafkaConsumer(bootstrap_servers=MQ_CONNECT, group_id='simulate')
  File "/home/simtek/code/miniconda3/lib/python3.9/site-packages/kafka/consumer/group.py", line 356, in __init__
    self._client = KafkaClient(metrics=self._metrics, **self.config)
  File "/home/simtek/code/miniconda3/lib/python3.9/site-packages/kafka/client_async.py", line 244, in __init__
    self.config['api_version'] = self.check_version(timeout=check_timeout)
  File "/home/simtek/code/miniconda3/lib/python3.9/site-packages/kafka/client_async.py", line 900, in check_version
    raise Errors.NoBrokersAvailable()
kafka.errors.NoBrokersAvailable: NoBrokersAvailable
Traceback (most recent call last):
  File "/home/simtek/code/SIMULATE.py", line 51, in <module>
    s = SimulateService()
  File "/home/simtek/code/SIMULATE.py", line 25, in __init__
    self.consumer = KafkaConsumer(bootstrap_servers=MQ_CONNECT, group_id='simulate')
  File "/home/simtek/code/miniconda3/lib/python3.9/site-packages/kafka/consumer/group.py", line 356, in __init__
    self._client = KafkaClient(metrics=self._metrics, **self.config)
  File "/home/simtek/code/miniconda3/lib/python3.9/site-packages/kafka/client_async.py", line 244, in __init__
    self.config['api_version'] = self.check_version(timeout=check_timeout)
  File "/home/simtek/code/miniconda3/lib/python3.9/site-packages/kafka/client_async.py", line 900, in check_version
    raise Errors.NoBrokersAvailable()
kafka.errors.NoBrokersAvailable: NoBrokersAvailable
Traceback (most recent call last):
  File "/home/simtek/code/SIMULATE.py", line 51, in <module>
    s = SimulateService()
  File "/home/simtek/code/SIMULATE.py", line 25, in __init__
    self.consumer = KafkaConsumer(bootstrap_servers=MQ_CONNECT, group_id='simulate')
  File "/home/simtek/code/miniconda3/lib/python3.9/site-packages/kafka/consumer/group.py", line 356, in __init__
    self._client = KafkaClient(metrics=self._metrics, **self.config)
  File "/home/simtek/code/miniconda3/lib/python3.9/site-packages/kafka/client_async.py", line 244, in __init__
    self.config['api_version'] = self.check_version(timeout=check_timeout)
  File "/home/simtek/code/miniconda3/lib/python3.9/site-packages/kafka/client_async.py", line 900, in check_version
    raise Errors.NoBrokersAvailable()
kafka.errors.NoBrokersAvailable: NoBrokersAvailable
Traceback (most recent call last):
  File "/home/simtek/code/SIMULATE.py", line 51, in <module>
    s = SimulateService()
  File "/home/simtek/code/SIMULATE.py", line 25, in __init__
    self.consumer = KafkaConsumer(bootstrap_servers=MQ_CONNECT, group_id='simulate')
  File "/home/simtek/code/miniconda3/lib/python3.9/site-packages/kafka/consumer/group.py", line 356, in __init__
    self._client = KafkaClient(metrics=self._metrics, **self.config)
  File "/home/simtek/code/miniconda3/lib/python3.9/site-packages/kafka/client_async.py", line 244, in __init__
    self.config['api_version'] = self.check_version(timeout=check_timeout)
  File "/home/simtek/code/miniconda3/lib/python3.9/site-packages/kafka/client_async.py", line 900, in check_version
    raise Errors.NoBrokersAvailable()
kafka.errors.NoBrokersAvailable: NoBrokersAvailable
Traceback (most recent call last):
  File "/home/simtek/code/SIMULATE.py", line 51, in <module>
    s = SimulateService()
  File "/home/simtek/code/SIMULATE.py", line 25, in __init__
    self.consumer = KafkaConsumer(bootstrap_servers=MQ_CONNECT, group_id='simulate')
  File "/home/simtek/code/miniconda3/lib/python3.9/site-packages/kafka/consumer/group.py", line 356, in __init__
    self._client = KafkaClient(metrics=self._metrics, **self.config)
  File "/home/simtek/code/miniconda3/lib/python3.9/site-packages/kafka/client_async.py", line 244, in __init__
    self.config['api_version'] = self.check_version(timeout=check_timeout)
  File "/home/simtek/code/miniconda3/lib/python3.9/site-packages/kafka/client_async.py", line 900, in check_version
    raise Errors.NoBrokersAvailable()
kafka.errors.NoBrokersAvailable: NoBrokersAvailable
Traceback (most recent call last):
  File "/home/simtek/code/SIMULATE.py", line 51, in <module>
    s = SimulateService()
  File "/home/simtek/code/SIMULATE.py", line 25, in __init__
    self.consumer = KafkaConsumer(bootstrap_servers=MQ_CONNECT, group_id='simulate')
  File "/home/simtek/code/miniconda3/lib/python3.9/site-packages/kafka/consumer/group.py", line 356, in __init__
    self._client = KafkaClient(metrics=self._metrics, **self.config)
  File "/home/simtek/code/miniconda3/lib/python3.9/site-packages/kafka/client_async.py", line 244, in __init__
    self.config['api_version'] = self.check_version(timeout=check_timeout)
  File "/home/simtek/code/miniconda3/lib/python3.9/site-packages/kafka/client_async.py", line 909, in check_version
Traceback (most recent call last):
  File "/home/simtek/code/SIMULATE.py", line 51, in <module>
    s = SimulateService()
  File "/home/simtek/code/SIMULATE.py", line 25, in __init__
    self.consumer = KafkaConsumer(bootstrap_servers=MQ_CONNECT, group_id='simulate')
  File "/home/simtek/code/miniconda3/lib/python3.9/site-packages/kafka/consumer/group.py", line 356, in __init__
    self._client = KafkaClient(metrics=self._metrics, **self.config)
  File "/home/simtek/code/miniconda3/lib/python3.9/site-packages/kafka/client_async.py", line 244, in __init__
    self.config['api_version'] = self.check_version(timeout=check_timeout)
  File "/home/simtek/code/miniconda3/lib/python3.9/site-packages/kafka/client_async.py", line 909, in check_version
    version = conn.check_version(timeout=remaining, strict=strict, topics=list(self.config['bootstrap_topics_filter']))
  File "/home/simtek/code/miniconda3/lib/python3.9/site-packages/kafka/conn.py", line 1254, in check_version
    selector.register(self._sock, selectors.EVENT_READ)
  File "/home/simtek/code/miniconda3/lib/python3.9/selectors.py", line 353, in register
    key = super().register(fileobj, events, data)
  File "/home/simtek/code/miniconda3/lib/python3.9/selectors.py", line 239, in register
    key = SelectorKey(fileobj, self._fileobj_lookup(fileobj), events, data)
  File "/home/simtek/code/miniconda3/lib/python3.9/selectors.py", line 226, in _fileobj_lookup
    return _fileobj_to_fd(fileobj)
  File "/home/simtek/code/miniconda3/lib/python3.9/selectors.py", line 39, in _fileobj_to_fd
    raise ValueError("Invalid file object: "
ValueError: Invalid file object: None
    version = conn.check_version(timeout=remaining, strict=strict, topics=list(self.config['bootstrap_topics_filter']))
  File "/home/simtek/code/miniconda3/lib/python3.9/site-packages/kafka/conn.py", line 1254, in check_version
    selector.register(self._sock, selectors.EVENT_READ)
  File "/home/simtek/code/miniconda3/lib/python3.9/selectors.py", line 353, in register
    key = super().register(fileobj, events, data)
  File "/home/simtek/code/miniconda3/lib/python3.9/selectors.py", line 239, in register
    key = SelectorKey(fileobj, self._fileobj_lookup(fileobj), events, data)
  File "/home/simtek/code/miniconda3/lib/python3.9/selectors.py", line 226, in _fileobj_lookup
    return _fileobj_to_fd(fileobj)
  File "/home/simtek/code/miniconda3/lib/python3.9/selectors.py", line 39, in _fileobj_to_fd
    raise ValueError("Invalid file object: "
ValueError: Invalid file object: None
Traceback (most recent call last):
  File "/home/simtek/code/SIMULATE.py", line 51, in <module>
    s = SimulateService()
  File "/home/simtek/code/SIMULATE.py", line 25, in __init__
    self.consumer = KafkaConsumer(bootstrap_servers=MQ_CONNECT, group_id='simulate')
  File "/home/simtek/code/miniconda3/lib/python3.9/site-packages/kafka/consumer/group.py", line 356, in __init__
    self._client = KafkaClient(metrics=self._metrics, **self.config)
  File "/home/simtek/code/miniconda3/lib/python3.9/site-packages/kafka/client_async.py", line 244, in __init__
    self.config['api_version'] = self.check_version(timeout=check_timeout)
  File "/home/simtek/code/miniconda3/lib/python3.9/site-packages/kafka/client_async.py", line 900, in check_version
    raise Errors.NoBrokersAvailable()
kafka.errors.NoBrokersAvailable: NoBrokersAvailable
Traceback (most recent call last):
  File "/home/simtek/code/SIMULATE.py", line 51, in <module>
    s = SimulateService()
  File "/home/simtek/code/SIMULATE.py", line 25, in __init__
    self.consumer = KafkaConsumer(bootstrap_servers=MQ_CONNECT, group_id='simulate')
  File "/home/simtek/code/miniconda3/lib/python3.9/site-packages/kafka/consumer/group.py", line 356, in __init__
    self._client = KafkaClient(metrics=self._metrics, **self.config)
  File "/home/simtek/code/miniconda3/lib/python3.9/site-packages/kafka/client_async.py", line 244, in __init__
    self.config['api_version'] = self.check_version(timeout=check_timeout)
  File "/home/simtek/code/miniconda3/lib/python3.9/site-packages/kafka/client_async.py", line 900, in check_version
    raise Errors.NoBrokersAvailable()
kafka.errors.NoBrokersAvailable: NoBrokersAvailable
Traceback (most recent call last):
  File "/home/simtek/code/SIMULATE.py", line 51, in <module>
    s = SimulateService()
  File "/home/simtek/code/SIMULATE.py", line 25, in __init__
    self.consumer = KafkaConsumer(bootstrap_servers=MQ_CONNECT, group_id='simulate')
  File "/home/simtek/code/miniconda3/lib/python3.9/site-packages/kafka/consumer/group.py", line 356, in __init__
    self._client = KafkaClient(metrics=self._metrics, **self.config)
  File "/home/simtek/code/miniconda3/lib/python3.9/site-packages/kafka/client_async.py", line 244, in __init__
    self.config['api_version'] = self.check_version(timeout=check_timeout)
  File "/home/simtek/code/miniconda3/lib/python3.9/site-packages/kafka/client_async.py", line 900, in check_version
    raise Errors.NoBrokersAvailable()
kafka.errors.NoBrokersAvailable: NoBrokersAvailable
Traceback (most recent call last):
  File "/home/simtek/code/SIMULATE.py", line 51, in <module>
    s = SimulateService()
  File "/home/simtek/code/SIMULATE.py", line 25, in __init__
    self.consumer = KafkaConsumer(bootstrap_servers=MQ_CONNECT, group_id='simulate')
  File "/home/simtek/code/miniconda3/lib/python3.9/site-packages/kafka/consumer/group.py", line 356, in __init__
    self._client = KafkaClient(metrics=self._metrics, **self.config)
  File "/home/simtek/code/miniconda3/lib/python3.9/site-packages/kafka/client_async.py", line 244, in __init__
    self.config['api_version'] = self.check_version(timeout=check_timeout)
  File "/home/simtek/code/miniconda3/lib/python3.9/site-packages/kafka/client_async.py", line 900, in check_version
    raise Errors.NoBrokersAvailable()
kafka.errors.NoBrokersAvailable: NoBrokersAvailable
Traceback (most recent call last):
  File "/home/simtek/code/SIMULATE.py", line 51, in <module>
    s = SimulateService()
  File "/home/simtek/code/SIMULATE.py", line 25, in __init__
    self.consumer = KafkaConsumer(bootstrap_servers=MQ_CONNECT, group_id='simulate')
  File "/home/simtek/code/miniconda3/lib/python3.9/site-packages/kafka/consumer/group.py", line 356, in __init__
    self._client = KafkaClient(metrics=self._metrics, **self.config)
  File "/home/simtek/code/miniconda3/lib/python3.9/site-packages/kafka/client_async.py", line 244, in __init__
    self.config['api_version'] = self.check_version(timeout=check_timeout)
  File "/home/simtek/code/miniconda3/lib/python3.9/site-packages/kafka/client_async.py", line 900, in check_version
    raise Errors.NoBrokersAvailable()
kafka.errors.NoBrokersAvailable: NoBrokersAvailable
Traceback (most recent call last):
  File "/home/simtek/code/SIMULATE.py", line 51, in <module>
    s = SimulateService()
  File "/home/simtek/code/SIMULATE.py", line 25, in __init__
    self.consumer = KafkaConsumer(bootstrap_servers=MQ_CONNECT, group_id='simulate')
  File "/home/simtek/code/miniconda3/lib/python3.9/site-packages/kafka/consumer/group.py", line 356, in __init__
    self._client = KafkaClient(metrics=self._metrics, **self.config)
  File "/home/simtek/code/miniconda3/lib/python3.9/site-packages/kafka/client_async.py", line 244, in __init__
    self.config['api_version'] = self.check_version(timeout=check_timeout)
  File "/home/simtek/code/miniconda3/lib/python3.9/site-packages/kafka/client_async.py", line 900, in check_version
    raise Errors.NoBrokersAvailable()
kafka.errors.NoBrokersAvailable: NoBrokersAvailable
Traceback (most recent call last):
  File "/home/simtek/code/SIMULATE.py", line 51, in <module>
    s = SimulateService()
  File "/home/simtek/code/SIMULATE.py", line 25, in __init__
    self.consumer = KafkaConsumer(bootstrap_servers=MQ_CONNECT, group_id='simulate')
  File "/home/simtek/code/miniconda3/lib/python3.9/site-packages/kafka/consumer/group.py", line 356, in __init__
    self._client = KafkaClient(metrics=self._metrics, **self.config)
  File "/home/simtek/code/miniconda3/lib/python3.9/site-packages/kafka/client_async.py", line 244, in __init__
    self.config['api_version'] = self.check_version(timeout=check_timeout)
  File "/home/simtek/code/miniconda3/lib/python3.9/site-packages/kafka/client_async.py", line 900, in check_version
    raise Errors.NoBrokersAvailable()
kafka.errors.NoBrokersAvailable: NoBrokersAvailable
Traceback (most recent call last):
  File "/home/simtek/code/SIMULATE.py", line 51, in <module>
    s = SimulateService()
  File "/home/simtek/code/SIMULATE.py", line 25, in __init__
    self.consumer = KafkaConsumer(bootstrap_servers=MQ_CONNECT, group_id='simulate')
  File "/home/simtek/code/miniconda3/lib/python3.9/site-packages/kafka/consumer/group.py", line 356, in __init__
    self._client = KafkaClient(metrics=self._metrics, **self.config)
  File "/home/simtek/code/miniconda3/lib/python3.9/site-packages/kafka/client_async.py", line 244, in __init__
    self.config['api_version'] = self.check_version(timeout=check_timeout)
  File "/home/simtek/code/miniconda3/lib/python3.9/site-packages/kafka/client_async.py", line 900, in check_version
    raise Errors.NoBrokersAvailable()
kafka.errors.NoBrokersAvailable: NoBrokersAvailable
Traceback (most recent call last):
  File "/home/simtek/code/SIMULATE.py", line 51, in <module>
    s = SimulateService()
  File "/home/simtek/code/SIMULATE.py", line 25, in __init__
    self.consumer = KafkaConsumer(bootstrap_servers=MQ_CONNECT, group_id='simulate')
  File "/home/simtek/code/miniconda3/lib/python3.9/site-packages/kafka/consumer/group.py", line 356, in __init__
    self._client = KafkaClient(metrics=self._metrics, **self.config)
  File "/home/simtek/code/miniconda3/lib/python3.9/site-packages/kafka/client_async.py", line 244, in __init__
    self.config['api_version'] = self.check_version(timeout=check_timeout)
  File "/home/simtek/code/miniconda3/lib/python3.9/site-packages/kafka/client_async.py", line 900, in check_version
    raise Errors.NoBrokersAvailable()
kafka.errors.NoBrokersAvailable: NoBrokersAvailable
Traceback (most recent call last):
  File "/home/simtek/code/SIMULATE.py", line 51, in <module>
    s = SimulateService()
  File "/home/simtek/code/SIMULATE.py", line 25, in __init__
    self.consumer = KafkaConsumer(bootstrap_servers=MQ_CONNECT, group_id='simulate')
  File "/home/simtek/code/miniconda3/lib/python3.9/site-packages/kafka/consumer/group.py", line 356, in __init__
    self._client = KafkaClient(metrics=self._metrics, **self.config)
  File "/home/simtek/code/miniconda3/lib/python3.9/site-packages/kafka/client_async.py", line 244, in __init__
    self.config['api_version'] = self.check_version(timeout=check_timeout)
  File "/home/simtek/code/miniconda3/lib/python3.9/site-packages/kafka/client_async.py", line 900, in check_version
    raise Errors.NoBrokersAvailable()
kafka.errors.NoBrokersAvailable: NoBrokersAvailable
